#
# There is insufficient memory for the Java Runtime Environment to continue.
# Native memory allocation (mmap) failed to map 130023424 bytes. Error detail: G1 virtual space
# Possible reasons:
#   The system is out of physical RAM or swap space
#   This process is running with CompressedOops enabled, and the Java Heap may be blocking the growth of the native heap
# Possible solutions:
#   Reduce memory load on the system
#   Increase physical memory or swap space
#   Check if swap backing store is full
#   Decrease Java heap size (-Xmx/-Xms)
#   Decrease number of Java threads
#   Decrease Java thread stack sizes (-Xss)
#   Set larger code cache with -XX:ReservedCodeCacheSize=
#   JVM is running with Unscaled Compressed Oops mode in which the Java heap is
#     placed in the first 4GB address space. The Java Heap base address is the
#     maximum limit for the native heap growth. Please use -XX:HeapBaseMinAddress
#     to set the Java Heap base and to place the Java Heap above 4GB virtual address.
# This output file may be truncated or incomplete.
#
#  Out of Memory Error (os_windows.cpp:3554), pid=11636, tid=25676
#
# JRE version:  (25.0.3+9) (build )
# Java VM: Java HotSpot(TM) 64-Bit Server VM (25.0.3+9-LTS-195, mixed mode, sharing, tiered, compressed oops, compressed class ptrs, g1 gc, windows-amd64)
# No core dump will be written. Minidumps are not enabled by default on client versions of Windows
#

---------------  S U M M A R Y ------------

Command Line: -Dnet.bytebuddy.agent.attacher.dump= net.bytebuddy.agent.Attacher com.sun.tools.attach.VirtualMachine 30168 C:\Users\kulze\.m2\repository\net\bytebuddy\byte-buddy-agent\1.17.8\byte-buddy-agent-1.17.8.jar false 

Host: 13th Gen Intel(R) Core(TM) i5-13420H, 12 cores, 7G,  Windows 11 , 64 bit Build 26100 (10.0.26100.8328)
Time: Sat May 30 17:40:35 2026 Hora oficial do Brasil elapsed time: 2.054480 seconds (0d 0h 0m 2s)

---------------  T H R E A D  ---------------

Current thread (0x000001a50622f090):  JavaThread "Unknown thread" [_thread_in_vm, id=25676, stack(0x0000000471500000,0x0000000471600000) (1024K)]

Stack: [0x0000000471500000,0x0000000471600000]
Native frames: (J=compiled Java code, j=interpreted, Vv=VM code, C=native code)
V  [jvm.dll+0x7a7d69]  (no source info available)
V  [jvm.dll+0x7739dd]  (no source info available)
V  [jvm.dll+0x9669f3]  (no source info available)
V  [jvm.dll+0x968ff1]  (no source info available)
V  [jvm.dll+0x969703]  (no source info available)
V  [jvm.dll+0x2fc9e6]  (no source info available)
V  [jvm.dll+0x7a3f95]  (no source info available)
V  [jvm.dll+0x7973a7]  (no source info available)
V  [jvm.dll+0x3f4e38]  (no source info available)
V  [jvm.dll+0x3fcd86]  (no source info available)
V  [jvm.dll+0x3e942e]  (no source info available)
V  [jvm.dll+0x3e96e8]  (no source info available)
V  [jvm.dll+0x3c0435]  (no source info available)
V  [jvm.dll+0x3c10be]  (no source info available)
V  [jvm.dll+0x92da97]  (no source info available)
V  [jvm.dll+0x4593d2]  (no source info available)
V  [jvm.dll+0x911442]  (no source info available)
V  [jvm.dll+0x4f9ef1]  (no source info available)
V  [jvm.dll+0x4fb781]  (no source info available)
C  [jli.dll+0x543e]  (no source info available)
C  [ucrtbase.dll+0x37b0]  (no source info available)
C  [KERNEL32.DLL+0x2e957]  (no source info available)
C  [ntdll.dll+0x427c]  (no source info available)

Lock stack of current Java thread (top to bottom):


---------------  P R O C E S S  ---------------

Threads class SMR info:
_java_thread_list=0x00007ffb8c636388, length=0, elements={
}

Java Threads: ( => current thread )
Total: 0

Other Threads:
  0x000001a5086cb0e0 WorkerThread "GC Thread#0"                     [id=24624, stack(0x0000000471600000,0x0000000471700000) (1024K)]
  0x000001a5086e31d0 ConcurrentGCThread "G1 Main Marker"            [id=30520, stack(0x0000000471700000,0x0000000471800000) (1024K)]
  0x000001a5086e3b70 WorkerThread "G1 Conc#0"                       [id=35220, stack(0x0000000471800000,0x0000000471900000) (1024K)]

[error occurred during error reporting (printing all threads), id 0xc0000005, EXCEPTION_ACCESS_VIOLATION (0xc0000005) at pc=0x00007ffb8bd153da]
VM state: not at safepoint (not fully initialized)

VM Mutex/Monitor currently owned by a thread:  ([mutex/lock_event])
[0x00007ffb8c6ba788] Heap_lock - owner thread: 0x000001a50622f090

Heap address: 0x0000000084a00000, size: 1974 MB, Compressed Oops mode: 32-bit

CDS archive(s) mapped at: [0x0000000000000000-0x0000000000000000-0x0000000000000000), size 0, SharedBaseAddress: 0x0000000800000000, ArchiveRelocationMode: 1.
UseCompressedClassPointers 1, UseCompactObjectHeaders 0
Narrow klass pointer bits 32, Max shift 3
Narrow klass base: 0xffffffffffffffff, Narrow klass shift: -1
Encoding Range: [0xffffffffffffffff - 0x000000007fffffff), (2147483648 bytes)
Klass Range:    [0x0000000000000000 - 0x0000000000000000), (0 bytes)
Klass ID Range:  [4294967295 - 0) (1)
No protection zone.

GC Precious Log:
 CardTable entry size: 512
 Card Set container configuration: InlinePtr #cards 5 size 8 Array Of Cards #cards 10 size 36 Howl #buckets 4 coarsen threshold 1843 Howl Bitmap #cards 512 size 80 coarsen threshold 460 Card regions per heap region 1 cards per card region 2048

Heap:
 garbage-first heap   total reserved 2021376K, committed 0K, used 0K [0x0000000084a00000, 0x0000000100000000)
  region size 1024K, 0 young (0K), 0 survivors (0K)

Heap Regions: E=young(eden), S=young(survivor), O=old, HS=humongous(starts), HC=humongous(continues), CS=collection set, F=free, TAMS=top-at-mark-start, PB=parsable bottom

Card table byte_map: [0x000001a520840000,0x000001a520c20000] _byte_map_base: 0x000001a52041b000

Marking Bits: (CMBitMap*) 0x000001a5086cb670
 Bits: [0x000001a520c20000, 0x000001a522af8000)

GC Heap Usage History (0 events):
No events

Metaspace Usage History (0 events):
No events

Dll operation events (1 events):
Event: 0.015 Loaded shared library C:\Program Files\Java\jdk-25.0.3\bin\java.dll

Deoptimization events (0 events):
No events

Classes loaded (0 events):
No events

Classes unloaded (0 events):
No events

Classes redefined (0 events):
No events

Internal exceptions (0 events):
No events

VM Operations (0 events):
No events

Memory protections (0 events):
No events

Nmethod flushes (0 events):
No events

Events (0 events):
No events


Dynamic libraries:
0x00007ff7d2030000 - 0x00007ff7d2040000 	C:\Program Files\Java\jdk-25.0.3\bin\java.exe
0x00007ffc4e280000 - 0x00007ffc4e4e7000 	C:\WINDOWS\SYSTEM32\ntdll.dll
0x00007ffc4db30000 - 0x00007ffc4dbf9000 	C:\WINDOWS\System32\KERNEL32.DLL
0x00007ffc4ad70000 - 0x00007ffc4b167000 	C:\WINDOWS\System32\KERNELBASE.dll
0x00007ffc4b610000 - 0x00007ffc4b75b000 	C:\WINDOWS\System32\ucrtbase.dll
0x00007ffc3b870000 - 0x00007ffc3b887000 	C:\Program Files\Java\jdk-25.0.3\bin\jli.dll
0x00007ffc11720000 - 0x00007ffc1173e000 	C:\Program Files\Java\jdk-25.0.3\bin\VCRUNTIME140.dll
0x00007ffc4d0e0000 - 0x00007ffc4d2a6000 	C:\WINDOWS\System32\USER32.dll
0x00007ffc4b760000 - 0x00007ffc4b787000 	C:\WINDOWS\System32\win32u.dll
0x00007ffc4c200000 - 0x00007ffc4c22b000 	C:\WINDOWS\System32\GDI32.dll
0x00007ffc4b4e0000 - 0x00007ffc4b60c000 	C:\WINDOWS\System32\gdi32full.dll
0x00007ffc38460000 - 0x00007ffc386f2000 	C:\WINDOWS\WinSxS\amd64_microsoft.windows.common-controls_6595b64144ccf1df_6.0.26100.8457_none_3e0b2faee331e92d\COMCTL32.dll
0x00007ffc4b170000 - 0x00007ffc4b213000 	C:\WINDOWS\System32\msvcp_win.dll
0x00007ffc4e140000 - 0x00007ffc4e1e9000 	C:\WINDOWS\System32\msvcrt.dll
0x00007ffc4d7e0000 - 0x00007ffc4d812000 	C:\WINDOWS\System32\IMM32.DLL
0x00007ffc3b800000 - 0x00007ffc3b80c000 	C:\Program Files\Java\jdk-25.0.3\bin\vcruntime140_1.dll
0x00007ffbf2750000 - 0x00007ffbf27dd000 	C:\Program Files\Java\jdk-25.0.3\bin\msvcp140.dll
0x00007ffb8b940000 - 0x00007ffb8c7a0000 	C:\Program Files\Java\jdk-25.0.3\bin\server\jvm.dll
0x00007ffc4c140000 - 0x00007ffc4c1f6000 	C:\WINDOWS\System32\ADVAPI32.dll
0x00007ffc4d2b0000 - 0x00007ffc4d357000 	C:\WINDOWS\System32\sechost.dll
0x00007ffc4d8a0000 - 0x00007ffc4d9b8000 	C:\WINDOWS\System32\RPCRT4.dll
0x00007ffc4c230000 - 0x00007ffc4c2b0000 	C:\WINDOWS\System32\WS2_32.dll
0x00007ffc49880000 - 0x00007ffc498de000 	C:\WINDOWS\SYSTEM32\POWRPROF.dll
0x00007ffc3c110000 - 0x00007ffc3c146000 	C:\WINDOWS\SYSTEM32\WINMM.dll
0x00007ffc43bf0000 - 0x00007ffc43bfb000 	C:\WINDOWS\SYSTEM32\VERSION.dll
0x00007ffc49860000 - 0x00007ffc49874000 	C:\WINDOWS\SYSTEM32\UMPDC.dll
0x00007ffc49b30000 - 0x00007ffc49b4b000 	C:\WINDOWS\SYSTEM32\kernel.appcore.dll
0x00007ffc2b130000 - 0x00007ffc2b13a000 	C:\Program Files\Java\jdk-25.0.3\bin\jimage.dll
0x00007ffc48b50000 - 0x00007ffc48d92000 	C:\WINDOWS\SYSTEM32\DBGHELP.DLL
0x00007ffc4dd80000 - 0x00007ffc4e103000 	C:\WINDOWS\System32\combase.dll
0x00007ffc4da20000 - 0x00007ffc4daf9000 	C:\WINDOWS\System32\OLEAUT32.dll
0x00007ffc30750000 - 0x00007ffc3078b000 	C:\WINDOWS\SYSTEM32\dbgcore.DLL
0x00007ffc4b430000 - 0x00007ffc4b4d8000 	C:\WINDOWS\System32\bcryptPrimitives.dll
0x00007ffc11370000 - 0x00007ffc1138f000 	C:\Program Files\Java\jdk-25.0.3\bin\java.dll
0x00007ffc4c330000 - 0x00007ffc4c4c7000 	C:\WINDOWS\System32\ole32.dll
0x00007ffc4c960000 - 0x00007ffc4d0ce000 	C:\WINDOWS\System32\SHELL32.dll

JVMTI agents: none

dbghelp: loaded successfully - version: 4.0.5 - missing functions: none
symbol engine: initialized successfully - sym options: 0x614 - pdb path: .;C:\Program Files\Java\jdk-25.0.3\bin;C:\WINDOWS\SYSTEM32;C:\WINDOWS\WinSxS\amd64_microsoft.windows.common-controls_6595b64144ccf1df_6.0.26100.8457_none_3e0b2faee331e92d;C:\Program Files\Java\jdk-25.0.3\bin\server

VM Arguments:
jvm_args: -Dnet.bytebuddy.agent.attacher.dump= 
java_command: net.bytebuddy.agent.Attacher com.sun.tools.attach.VirtualMachine 30168 C:\Users\kulze\.m2\repository\net\bytebuddy\byte-buddy-agent\1.17.8\byte-buddy-agent-1.17.8.jar false 
java_class_path (initial): C:\Users\kulze\.m2\repository\net\bytebuddy\byte-buddy-agent\1.17.8\byte-buddy-agent-1.17.8.jar
Launcher Type: SUN_STANDARD

[Global flags]
     intx CICompilerCount                          = 4                                         {product} {ergonomic}
     uint ConcGCThreads                            = 3                                         {product} {ergonomic}
     uint G1ConcRefinementThreads                  = 10                                        {product} {ergonomic}
   size_t G1HeapRegionSize                         = 1048576                                   {product} {ergonomic}
   size_t InitialHeapSize                          = 130023424                                 {product} {ergonomic}
   size_t MarkStackSize                            = 4194304                                   {product} {ergonomic}
   size_t MarkStackSizeMax                         = 536870912                                 {product} {ergonomic}
   size_t MaxHeapSize                              = 2069889024                                {product} {ergonomic}
   size_t MinHeapDeltaBytes                        = 1048576                                   {product} {ergonomic}
   size_t MinHeapSize                              = 8388608                                   {product} {ergonomic}
    uintx NonNMethodCodeHeapSize                   = 5832704                                {pd product} {ergonomic}
    uintx NonProfiledCodeHeapSize                  = 122945536                              {pd product} {ergonomic}
    uintx ProfiledCodeHeapSize                     = 122880000                              {pd product} {ergonomic}
    uintx ReservedCodeCacheSize                    = 251658240                              {pd product} {ergonomic}
     bool SegmentedCodeCache                       = true                                      {product} {ergonomic}
   size_t SoftMaxHeapSize                          = 2069889024                             {manageable} {ergonomic}
     bool UseCompressedOops                        = true                           {product lp64_product} {ergonomic}
     bool UseG1GC                                  = true                                      {product} {ergonomic}
     bool UseLargePagesIndividualAllocation        = false                                  {pd product} {ergonomic}

Logging:
Log output configuration:
 #0: stdout all=warning uptime,level,tags foldmultilines=false
 #1: stderr all=off uptime,level,tags foldmultilines=false

Release file:
<release file has not been read>
Environment Variables:
PATH=C:\Program Files\Common Files\Oracle\Java\javapath;C:\Windows\system32;C:\Windows;C:\Windows\System32\Wbem;C:\Windows\System32\WindowsPowerShell\v1.0\;C:\Windows\System32\OpenSSH\;C:\Program Files (x86)\NVIDIA Corporation\PhysX\Common;C:\Program Files\NVIDIA Corporation\NVIDIA NvDLISR;C:\WINDOWS\system32;C:\WINDOWS;C:\WINDOWS\System32\Wbem;C:\WINDOWS\System32\WindowsPowerShell\v1.0\;C:\WINDOWS\System32\OpenSSH\;C:\Program Files\Git\cmd;C:\Program Files\Docker\Docker\resources\bin;C:\Users\kulze\AppData\Local\Microsoft\WindowsApps;C:\Users\kulze\AppData\Local\Programs\Microsoft VS Code\bin
USERNAME=kulze
OS=Windows_NT
PROCESSOR_IDENTIFIER=Intel64 Family 6 Model 186 Stepping 2, GenuineIntel
TMP=C:\Users\kulze\AppData\Local\Temp
TEMP=C:\Users\kulze\AppData\Local\Temp




Compilation memory statistics disabled.

Periodic native trim disabled

---------------  S Y S T E M  ---------------

OS:
 Windows 11 , 64 bit Build 26100 (10.0.26100.8328)
OS uptime: 1 days 0:46 hours
Hyper-V role detected

CPU: total 12 (initial active 12) (6 cores per cpu, 2 threads per core) family 6 model 186 stepping 2 microcode 0x5103, cx8, cmov, fxsr, ht, mmx, 3dnowpref, sse, sse2, sse3, ssse3, sse4.1, sse4.2, popcnt, lzcnt, tsc, tscinvbit, avx, avx2, aes, erms, clmul, bmi1, bmi2, adx, sha, fma, vzeroupper, clflush, clflushopt, clwb, hv, serialize, rdtscp, rdpid, fsrm, gfni, f16c, cet_ibt, cet_ss
Processor Information for processor 0
  Max Mhz: 2100, Current Mhz: 1453, Mhz Limit: 2100
Processor Information for processor 1
  Max Mhz: 2100, Current Mhz: 2100, Mhz Limit: 2100
Processor Information for processor 2
  Max Mhz: 2100, Current Mhz: 2100, Mhz Limit: 2100
Processor Information for processor 3
  Max Mhz: 2100, Current Mhz: 2100, Mhz Limit: 2100
Processor Information for processor 4
  Max Mhz: 2100, Current Mhz: 1453, Mhz Limit: 2100
Processor Information for processor 5
  Max Mhz: 2100, Current Mhz: 2100, Mhz Limit: 2100
Processor Information for processor 6
  Max Mhz: 2100, Current Mhz: 1453, Mhz Limit: 2100
Processor Information for processor 7
  Max Mhz: 2100, Current Mhz: 1453, Mhz Limit: 2100
Processor Information for processor 8
  Max Mhz: 2100, Current Mhz: 2100, Mhz Limit: 2100
Processor Information for processor 9
  Max Mhz: 2100, Current Mhz: 2100, Mhz Limit: 2100
Processor Information for processor 10
  Max Mhz: 2100, Current Mhz: 2100, Mhz Limit: 2100
Processor Information for processor 11
  Max Mhz: 2100, Current Mhz: 2100, Mhz Limit: 2100

Memory: 4k page, system-wide physical 7895M (489M free)
TotalPageFile size 32471M (AvailPageFile size 78M)
current process WorkingSet (physical memory assigned to process): 13M, peak: 13M
current process commit charge ("private bytes"): 65M, peak: 188M

vm_info: Java HotSpot(TM) 64-Bit Server VM (25.0.3+9-LTS-195) for windows-amd64 JRE (25.0.3+9-LTS-195), built on 2026-03-11T00:20:00Z with MS VC++ 17.13 (VS2022)

END.
