#
# There is insufficient memory for the Java Runtime Environment to continue.
# Native memory allocation (malloc) failed to allocate 8101208 bytes. Error detail: Chunk::new
# Possible reasons:
#   The system is out of physical RAM or swap space
#   This process is running with CompressedOops enabled, and the Java Heap may be blocking the growth of the native heap
# Possible solutions:
#   Reduce memory load on the system
#   Increase physical memory or swap space
#   Check if swap backing store is full
#   Decrease Java heap size (-Xmx/-Xms)
#   Decrease number of Java threads
#   Decrease Java thread stack sizes (-Xss)
#   Set larger code cache with -XX:ReservedCodeCacheSize=
#   JVM is running with Unscaled Compressed Oops mode in which the Java heap is
#     placed in the first 4GB address space. The Java Heap base address is the
#     maximum limit for the native heap growth. Please use -XX:HeapBaseMinAddress
#     to set the Java Heap base and to place the Java Heap above 4GB virtual address.
# This output file may be truncated or incomplete.
#
#  Out of Memory Error (arena.cpp:186), pid=29852, tid=35336
#
# JRE version: Java(TM) SE Runtime Environment (25.0.3+9) (build 25.0.3+9-LTS-195)
# Java VM: Java HotSpot(TM) 64-Bit Server VM (25.0.3+9-LTS-195, mixed mode, sharing, tiered, compressed oops, compressed class ptrs, g1 gc, windows-amd64)
# No core dump will be written. Minidumps are not enabled by default on client versions of Windows
#

---------------  S U M M A R Y ------------

Command Line: -javaagent:C:\Users\kulze\AppData\Local\JetBrains\IdeaIC2025.2\captureAgent\debugger-agent.jar=file:///C:/Users/kulze/AppData/Local/Temp/capture9596058923450046628.props -ea -javaagent:C:\Users\kulze\AppData\Local\JetBrains\IdeaIC2025.2\testAgent\intellij.platform.coverage.agent.jar=C:\Users\kulze\AppData\Local\Temp\coverage3args -Didea.coverage.calculate.hits=true -Didea.test.cyclic.buffer.size=1048576 -javaagent:C:\Program Files\JetBrains\IntelliJ IDEA Community Edition 2025.2.6.2\lib\idea_rt.jar=60151 -Dkotlinx.coroutines.debug.enable.creation.stack.trace=false -Ddebugger.agent.enable.coroutines=true -Dkotlinx.coroutines.debug.enable.flows.stack.trace=true -Dkotlinx.coroutines.debug.enable.mutable.state.flows.stack.trace=true -Dfile.encoding=UTF-8 -Dsun.stdout.encoding=UTF-8 -Dsun.stderr.encoding=UTF-8 com.intellij.rt.junit.JUnitStarter -ideVersion5 -junit6 br.com.cwi.redesocial.mapper.curtida.CurtidaMapperTest

Host: 13th Gen Intel(R) Core(TM) i5-13420H, 12 cores, 7G,  Windows 11 , 64 bit Build 26100 (10.0.26100.8328)
Time: Sat May 30 16:16:58 2026 Hora oficial do Brasil elapsed time: 1.657834 seconds (0d 0h 0m 1s)

---------------  T H R E A D  ---------------

Current thread (0x00000151dcf7c490):  JavaThread "C2 CompilerThread0" daemon [_thread_in_native, id=35336, stack(0x00000001d0500000,0x00000001d0600000) (1024K)]


Current CompileTask:
C2:1658 1911       4       jdk.internal.classfile.impl.StackMapGenerator::processBlock (2767 bytes)

Stack: [0x00000001d0500000,0x00000001d0600000]
Native frames: (J=compiled Java code, j=interpreted, Vv=VM code, C=native code)
V  [jvm.dll+0x7a7d69]  (no source info available)
V  [jvm.dll+0x7739dd]  (no source info available)
V  [jvm.dll+0x9669f3]  (no source info available)
V  [jvm.dll+0x968ff1]  (no source info available)
V  [jvm.dll+0x969703]  (no source info available)
V  [jvm.dll+0x2fc9e6]  (no source info available)
V  [jvm.dll+0x111c96]  (no source info available)
V  [jvm.dll+0x111fbe]  (no source info available)
V  [jvm.dll+0x1a09f2]  (no source info available)
V  [jvm.dll+0x3b56d2]  (no source info available)
V  [jvm.dll+0x7ad6ff]  (no source info available)
V  [jvm.dll+0x2c0d37]  (no source info available)
V  [jvm.dll+0x2bfcff]  (no source info available)
V  [jvm.dll+0x237b20]  (no source info available)
V  [jvm.dll+0x2cfe26]  (no source info available)
V  [jvm.dll+0x2ce0a5]  (no source info available)
V  [jvm.dll+0x48ee81]  (no source info available)
V  [jvm.dll+0x907c6d]  (no source info available)
V  [jvm.dll+0x7a6345]  (no source info available)
C  [ucrtbase.dll+0x37b0]  (no source info available)
C  [KERNEL32.DLL+0x2e957]  (no source info available)
C  [ntdll.dll+0x427c]  (no source info available)

Lock stack of current Java thread (top to bottom):


---------------  P R O C E S S  ---------------

Threads class SMR info:
_java_thread_list=0x00000151e342d260, length=14, elements={
0x00000151c01eacf0, 0x00000151dcf6bd50, 0x00000151dcf6c7b0, 0x00000151dcf6d610,
0x00000151dcf6f460, 0x00000151dcf70280, 0x00000151dcf77590, 0x00000151dcf7c490,
0x00000151dcf86900, 0x00000151dd59f6c0, 0x00000151dd676da0, 0x00000151e23b2a00,
0x00000151e27a8460, 0x00000151e2fdde20
}

Java Threads: ( => current thread )
  0x00000151c01eacf0 JavaThread "main"                              [_thread_in_vm, id=848, stack(0x00000001cf700000,0x00000001cf800000) (1024K)]
  0x00000151dcf6bd50 JavaThread "Reference Handler"          daemon [_thread_blocked, id=6688, stack(0x00000001cff00000,0x00000001d0000000) (1024K)]
  0x00000151dcf6c7b0 JavaThread "Finalizer"                  daemon [_thread_blocked, id=25260, stack(0x00000001d0000000,0x00000001d0100000) (1024K)]
  0x00000151dcf6d610 JavaThread "Signal Dispatcher"          daemon [_thread_blocked, id=15808, stack(0x00000001d0100000,0x00000001d0200000) (1024K)]
  0x00000151dcf6f460 JavaThread "Attach Listener"            daemon [_thread_blocked, id=25024, stack(0x00000001d0200000,0x00000001d0300000) (1024K)]
  0x00000151dcf70280 JavaThread "Service Thread"             daemon [_thread_blocked, id=32208, stack(0x00000001d0300000,0x00000001d0400000) (1024K)]
  0x00000151dcf77590 JavaThread "Monitor Deflation Thread"   daemon [_thread_blocked, id=19956, stack(0x00000001d0400000,0x00000001d0500000) (1024K)]
=>0x00000151dcf7c490 JavaThread "C2 CompilerThread0"         daemon [_thread_in_native, id=35336, stack(0x00000001d0500000,0x00000001d0600000) (1024K)]
  0x00000151dcf86900 JavaThread "C1 CompilerThread0"         daemon [_thread_in_native, id=31696, stack(0x00000001d0600000,0x00000001d0700000) (1024K)]
  0x00000151dd59f6c0 JavaThread "Common-Cleaner"             daemon [_thread_blocked, id=31192, stack(0x00000001d0800000,0x00000001d0900000) (1024K)]
  0x00000151dd676da0 JavaThread "IntelliJ Suspend Helper"    daemon [_thread_blocked, id=32276, stack(0x00000001d0900000,0x00000001d0a00000) (1024K)]
  0x00000151e23b2a00 JavaThread "Monitor Ctrl-Break"         daemon [_thread_in_native, id=33268, stack(0x00000001d0a00000,0x00000001d0b00000) (1024K)]
  0x00000151e27a8460 JavaThread "Notification Thread"        daemon [_thread_blocked, id=27608, stack(0x00000001d0b00000,0x00000001d0c00000) (1024K)]
  0x00000151e2fdde20 JavaThread "C2 CompilerThread1"         daemon [_thread_blocked, id=30788, stack(0x00000001d0700000,0x00000001d0800000) (1024K)]
Total: 14

Other Threads:
  0x00000151dcf5ae30 VMThread "VM Thread"                           [id=32316, stack(0x00000001cfe00000,0x00000001cff00000) (1024K)]
  0x00000151dcf4d600 WatcherThread "VM Periodic Task Thread"        [id=7984, stack(0x00000001cfd00000,0x00000001cfe00000) (1024K)]
  0x00000151c024c990 WorkerThread "GC Thread#0"                     [id=33064, stack(0x00000001cf800000,0x00000001cf900000) (1024K)]
  0x00000151e2d5a8b0 WorkerThread "GC Thread#1"                     [id=32844, stack(0x00000001d0c00000,0x00000001d0d00000) (1024K)]
  0x00000151e2d59320 WorkerThread "GC Thread#2"                     [id=33072, stack(0x00000001d0d00000,0x00000001d0e00000) (1024K)]
  0x00000151e2d59770 WorkerThread "GC Thread#3"                     [id=20180, stack(0x00000001d0e00000,0x00000001d0f00000) (1024K)]
  0x00000151e2d5a010 WorkerThread "GC Thread#4"                     [id=31260, stack(0x00000001d0f00000,0x00000001d1000000) (1024K)]
  0x00000151c0264c80 ConcurrentGCThread "G1 Main Marker"            [id=3820, stack(0x00000001cf900000,0x00000001cfa00000) (1024K)]
  0x00000151c0266310 WorkerThread "G1 Conc#0"                       [id=34032, stack(0x00000001cfa00000,0x00000001cfb00000) (1024K)]
  0x00000151dce15090 ConcurrentGCThread "G1 Refine#0"               [id=35824, stack(0x00000001cfb00000,0x00000001cfc00000) (1024K)]
  0x00000151dce15aa0 ConcurrentGCThread "G1 Service"                [id=20248, stack(0x00000001cfc00000,0x00000001cfd00000) (1024K)]
Total: 11

Threads with active compile tasks:
C2 CompilerThread0  1754 1911       4       jdk.internal.classfile.impl.StackMapGenerator::processBlock (2767 bytes)
C1 CompilerThread0  1754 2033       3       java.lang.invoke.LambdaProxyClassArchive::find (47 bytes)
Total: 2

VM state: not at safepoint (normal execution)

VM Mutex/Monitor currently owned by a thread: None

Heap address: 0x0000000084a00000, size: 1974 MB, Compressed Oops mode: 32-bit

CDS archive(s) mapped at: [0x0000000020000000-0x0000000020dd0000-0x0000000020dd0000), size 14483456, SharedBaseAddress: 0x0000000020000000, ArchiveRelocationMode: 1.
Compressed class space mapped at: 0x0000000021000000-0x0000000061000000, reserved size: 1073741824
UseCompressedClassPointers 1, UseCompactObjectHeaders 0
Narrow klass pointer bits 32, Max shift 3
Narrow klass base: 0x0000000020000000, Narrow klass shift: 0
Encoding Range: [0x0000000020000000 - 0x0000000120000000), (4294967296 bytes)
Klass Range:    [0x0000000020010000 - 0x0000000061000000), (1090453504 bytes)
Klass ID Range:  [65536 - 1090519033) (1090453497)
Protection zone: [0x0000000020000000 - 0x0000000020010000), (65536 bytes)

GC Precious Log:
 CardTable entry size: 512
 Card Set container configuration: InlinePtr #cards 5 size 8 Array Of Cards #cards 10 size 36 Howl #buckets 4 coarsen threshold 1843 Howl Bitmap #cards 512 size 80 coarsen threshold 460 Card regions per heap region 1 cards per card region 2048
 CPUs: 12 total, 12 available
 Memory: 7895M
 Large Page Support: Disabled
 NUMA Support: Disabled
 Compressed Oops: Enabled (32-bit)
 Heap Region Size: 1M
 Heap Min Capacity: 8M
 Heap Initial Capacity: 124M
 Heap Max Capacity: 1974M
 Pre-touch: Disabled
 Parallel Workers: 10
 Concurrent Workers: 3
 Concurrent Refinement Workers: 10
 Periodic GC: Disabled

Heap:
 garbage-first heap   total reserved 2021376K, committed 129024K, used 18384K [0x0000000084a00000, 0x0000000100000000)
  region size 1024K, 14 young (14336K), 6 survivors (6144K)

Heap Regions: E=young(eden), S=young(survivor), O=old, HS=humongous(starts), HC=humongous(continues), CS=collection set, F=free, TAMS=top-at-mark-start, PB=parsable bottom
|   0|0x0000000084a00000, 0x0000000084b00000, 0x0000000084b00000|100%|HS|  |TAMS 0x0000000084a00000| PB 0x0000000084a00000| Complete |  0
|   1|0x0000000084b00000, 0x0000000084c00000, 0x0000000084c00000|100%|HS|  |TAMS 0x0000000084b00000| PB 0x0000000084b00000| Complete |  0
|   2|0x0000000084c00000, 0x0000000084d00000, 0x0000000084d00000|100%| O|  |TAMS 0x0000000084c00000| PB 0x0000000084c00000| Untracked |  0
|   3|0x0000000084d00000, 0x0000000084dcea58, 0x0000000084e00000| 80%| O|  |TAMS 0x0000000084d00000| PB 0x0000000084d00000| Untracked |  0
|   4|0x0000000084e00000, 0x0000000084e00000, 0x0000000084f00000|  0%| F|  |TAMS 0x0000000084e00000| PB 0x0000000084e00000| Untracked |  0
|   5|0x0000000084f00000, 0x0000000084f00000, 0x0000000085000000|  0%| F|  |TAMS 0x0000000084f00000| PB 0x0000000084f00000| Untracked |  0
|   6|0x0000000085000000, 0x0000000085000000, 0x0000000085100000|  0%| F|  |TAMS 0x0000000085000000| PB 0x0000000085000000| Untracked |  0
|   7|0x0000000085100000, 0x0000000085100000, 0x0000000085200000|  0%| F|  |TAMS 0x0000000085100000| PB 0x0000000085100000| Untracked |  0
|   8|0x0000000085200000, 0x0000000085200000, 0x0000000085300000|  0%| F|  |TAMS 0x0000000085200000| PB 0x0000000085200000| Untracked |  0
|   9|0x0000000085300000, 0x0000000085300000, 0x0000000085400000|  0%| F|  |TAMS 0x0000000085300000| PB 0x0000000085300000| Untracked |  0
|  10|0x0000000085400000, 0x0000000085400000, 0x0000000085500000|  0%| F|  |TAMS 0x0000000085400000| PB 0x0000000085400000| Untracked |  0
|  11|0x0000000085500000, 0x0000000085500000, 0x0000000085600000|  0%| F|  |TAMS 0x0000000085500000| PB 0x0000000085500000| Untracked |  0
|  12|0x0000000085600000, 0x0000000085600000, 0x0000000085700000|  0%| F|  |TAMS 0x0000000085600000| PB 0x0000000085600000| Untracked |  0
|  13|0x0000000085700000, 0x0000000085700000, 0x0000000085800000|  0%| F|  |TAMS 0x0000000085700000| PB 0x0000000085700000| Untracked |  0
|  14|0x0000000085800000, 0x0000000085800000, 0x0000000085900000|  0%| F|  |TAMS 0x0000000085800000| PB 0x0000000085800000| Untracked |  0
|  15|0x0000000085900000, 0x0000000085900000, 0x0000000085a00000|  0%| F|  |TAMS 0x0000000085900000| PB 0x0000000085900000| Untracked |  0
|  16|0x0000000085a00000, 0x0000000085a00000, 0x0000000085b00000|  0%| F|  |TAMS 0x0000000085a00000| PB 0x0000000085a00000| Untracked |  0
|  17|0x0000000085b00000, 0x0000000085b00000, 0x0000000085c00000|  0%| F|  |TAMS 0x0000000085b00000| PB 0x0000000085b00000| Untracked |  0
|  18|0x0000000085c00000, 0x0000000085c00000, 0x0000000085d00000|  0%| F|  |TAMS 0x0000000085c00000| PB 0x0000000085c00000| Untracked |  0
|  19|0x0000000085d00000, 0x0000000085d00000, 0x0000000085e00000|  0%| F|  |TAMS 0x0000000085d00000| PB 0x0000000085d00000| Untracked |  0
|  20|0x0000000085e00000, 0x0000000085e00000, 0x0000000085f00000|  0%| F|  |TAMS 0x0000000085e00000| PB 0x0000000085e00000| Untracked |  0
|  21|0x0000000085f00000, 0x0000000085f00000, 0x0000000086000000|  0%| F|  |TAMS 0x0000000085f00000| PB 0x0000000085f00000| Untracked |  0
|  22|0x0000000086000000, 0x0000000086000000, 0x0000000086100000|  0%| F|  |TAMS 0x0000000086000000| PB 0x0000000086000000| Untracked |  0
|  23|0x0000000086100000, 0x0000000086100000, 0x0000000086200000|  0%| F|  |TAMS 0x0000000086100000| PB 0x0000000086100000| Untracked |  0
|  24|0x0000000086200000, 0x0000000086200000, 0x0000000086300000|  0%| F|  |TAMS 0x0000000086200000| PB 0x0000000086200000| Untracked |  0
|  25|0x0000000086300000, 0x0000000086300000, 0x0000000086400000|  0%| F|  |TAMS 0x0000000086300000| PB 0x0000000086300000| Untracked |  0
|  26|0x0000000086400000, 0x0000000086400000, 0x0000000086500000|  0%| F|  |TAMS 0x0000000086400000| PB 0x0000000086400000| Untracked |  0
|  27|0x0000000086500000, 0x0000000086500000, 0x0000000086600000|  0%| F|  |TAMS 0x0000000086500000| PB 0x0000000086500000| Untracked |  0
|  28|0x0000000086600000, 0x0000000086600000, 0x0000000086700000|  0%| F|  |TAMS 0x0000000086600000| PB 0x0000000086600000| Untracked |  0
|  29|0x0000000086700000, 0x0000000086700000, 0x0000000086800000|  0%| F|  |TAMS 0x0000000086700000| PB 0x0000000086700000| Untracked |  0
|  30|0x0000000086800000, 0x0000000086800000, 0x0000000086900000|  0%| F|  |TAMS 0x0000000086800000| PB 0x0000000086800000| Untracked |  0
|  31|0x0000000086900000, 0x0000000086900000, 0x0000000086a00000|  0%| F|  |TAMS 0x0000000086900000| PB 0x0000000086900000| Untracked |  0
|  32|0x0000000086a00000, 0x0000000086a00000, 0x0000000086b00000|  0%| F|  |TAMS 0x0000000086a00000| PB 0x0000000086a00000| Untracked |  0
|  33|0x0000000086b00000, 0x0000000086b00000, 0x0000000086c00000|  0%| F|  |TAMS 0x0000000086b00000| PB 0x0000000086b00000| Untracked |  0
|  34|0x0000000086c00000, 0x0000000086c00000, 0x0000000086d00000|  0%| F|  |TAMS 0x0000000086c00000| PB 0x0000000086c00000| Untracked |  0
|  35|0x0000000086d00000, 0x0000000086d00000, 0x0000000086e00000|  0%| F|  |TAMS 0x0000000086d00000| PB 0x0000000086d00000| Untracked |  0
|  36|0x0000000086e00000, 0x0000000086e00000, 0x0000000086f00000|  0%| F|  |TAMS 0x0000000086e00000| PB 0x0000000086e00000| Untracked |  0
|  37|0x0000000086f00000, 0x0000000086f00000, 0x0000000087000000|  0%| F|  |TAMS 0x0000000086f00000| PB 0x0000000086f00000| Untracked |  0
|  38|0x0000000087000000, 0x0000000087000000, 0x0000000087100000|  0%| F|  |TAMS 0x0000000087000000| PB 0x0000000087000000| Untracked |  0
|  39|0x0000000087100000, 0x0000000087100000, 0x0000000087200000|  0%| F|  |TAMS 0x0000000087100000| PB 0x0000000087100000| Untracked |  0
|  40|0x0000000087200000, 0x0000000087200000, 0x0000000087300000|  0%| F|  |TAMS 0x0000000087200000| PB 0x0000000087200000| Untracked |  0
|  41|0x0000000087300000, 0x0000000087300000, 0x0000000087400000|  0%| F|  |TAMS 0x0000000087300000| PB 0x0000000087300000| Untracked |  0
|  42|0x0000000087400000, 0x0000000087400000, 0x0000000087500000|  0%| F|  |TAMS 0x0000000087400000| PB 0x0000000087400000| Untracked |  0
|  43|0x0000000087500000, 0x0000000087500000, 0x0000000087600000|  0%| F|  |TAMS 0x0000000087500000| PB 0x0000000087500000| Untracked |  0
|  44|0x0000000087600000, 0x0000000087600000, 0x0000000087700000|  0%| F|  |TAMS 0x0000000087600000| PB 0x0000000087600000| Untracked |  0
|  45|0x0000000087700000, 0x0000000087700000, 0x0000000087800000|  0%| F|  |TAMS 0x0000000087700000| PB 0x0000000087700000| Untracked |  0
|  46|0x0000000087800000, 0x0000000087800000, 0x0000000087900000|  0%| F|  |TAMS 0x0000000087800000| PB 0x0000000087800000| Untracked |  0
|  47|0x0000000087900000, 0x0000000087900000, 0x0000000087a00000|  0%| F|  |TAMS 0x0000000087900000| PB 0x0000000087900000| Untracked |  0
|  48|0x0000000087a00000, 0x0000000087a00000, 0x0000000087b00000|  0%| F|  |TAMS 0x0000000087a00000| PB 0x0000000087a00000| Untracked |  0
|  49|0x0000000087b00000, 0x0000000087b00000, 0x0000000087c00000|  0%| F|  |TAMS 0x0000000087b00000| PB 0x0000000087b00000| Untracked |  0
|  50|0x0000000087c00000, 0x0000000087c00000, 0x0000000087d00000|  0%| F|  |TAMS 0x0000000087c00000| PB 0x0000000087c00000| Untracked |  0
|  51|0x0000000087d00000, 0x0000000087d00000, 0x0000000087e00000|  0%| F|  |TAMS 0x0000000087d00000| PB 0x0000000087d00000| Untracked |  0
|  52|0x0000000087e00000, 0x0000000087e00000, 0x0000000087f00000|  0%| F|  |TAMS 0x0000000087e00000| PB 0x0000000087e00000| Untracked |  0
|  53|0x0000000087f00000, 0x0000000087f00000, 0x0000000088000000|  0%| F|  |TAMS 0x0000000087f00000| PB 0x0000000087f00000| Untracked |  0
|  54|0x0000000088000000, 0x0000000088000000, 0x0000000088100000|  0%| F|  |TAMS 0x0000000088000000| PB 0x0000000088000000| Untracked |  0
|  55|0x0000000088100000, 0x0000000088100000, 0x0000000088200000|  0%| F|  |TAMS 0x0000000088100000| PB 0x0000000088100000| Untracked |  0
|  56|0x0000000088200000, 0x0000000088200000, 0x0000000088300000|  0%| F|  |TAMS 0x0000000088200000| PB 0x0000000088200000| Untracked |  0
|  57|0x0000000088300000, 0x0000000088300000, 0x0000000088400000|  0%| F|  |TAMS 0x0000000088300000| PB 0x0000000088300000| Untracked |  0
|  58|0x0000000088400000, 0x0000000088400000, 0x0000000088500000|  0%| F|  |TAMS 0x0000000088400000| PB 0x0000000088400000| Untracked |  0
|  59|0x0000000088500000, 0x0000000088500000, 0x0000000088600000|  0%| F|  |TAMS 0x0000000088500000| PB 0x0000000088500000| Untracked |  0
|  60|0x0000000088600000, 0x0000000088600000, 0x0000000088700000|  0%| F|  |TAMS 0x0000000088600000| PB 0x0000000088600000| Untracked |  0
|  61|0x0000000088700000, 0x0000000088700000, 0x0000000088800000|  0%| F|  |TAMS 0x0000000088700000| PB 0x0000000088700000| Untracked |  0
|  62|0x0000000088800000, 0x0000000088800000, 0x0000000088900000|  0%| F|  |TAMS 0x0000000088800000| PB 0x0000000088800000| Untracked |  0
|  63|0x0000000088900000, 0x0000000088900000, 0x0000000088a00000|  0%| F|  |TAMS 0x0000000088900000| PB 0x0000000088900000| Untracked |  0
|  64|0x0000000088a00000, 0x0000000088a00000, 0x0000000088b00000|  0%| F|  |TAMS 0x0000000088a00000| PB 0x0000000088a00000| Untracked |  0
|  65|0x0000000088b00000, 0x0000000088b00000, 0x0000000088c00000|  0%| F|  |TAMS 0x0000000088b00000| PB 0x0000000088b00000| Untracked |  0
|  66|0x0000000088c00000, 0x0000000088c00000, 0x0000000088d00000|  0%| F|  |TAMS 0x0000000088c00000| PB 0x0000000088c00000| Untracked |  0
|  67|0x0000000088d00000, 0x0000000088d00000, 0x0000000088e00000|  0%| F|  |TAMS 0x0000000088d00000| PB 0x0000000088d00000| Untracked |  0
|  68|0x0000000088e00000, 0x0000000088e00000, 0x0000000088f00000|  0%| F|  |TAMS 0x0000000088e00000| PB 0x0000000088e00000| Untracked |  0
|  69|0x0000000088f00000, 0x0000000088f00000, 0x0000000089000000|  0%| F|  |TAMS 0x0000000088f00000| PB 0x0000000088f00000| Untracked |  0
|  70|0x0000000089000000, 0x0000000089000000, 0x0000000089100000|  0%| F|  |TAMS 0x0000000089000000| PB 0x0000000089000000| Untracked |  0
|  71|0x0000000089100000, 0x0000000089200000, 0x0000000089200000|100%| S|CS|TAMS 0x0000000089100000| PB 0x0000000089100000| Complete |  0
|  72|0x0000000089200000, 0x0000000089300000, 0x0000000089300000|100%| S|CS|TAMS 0x0000000089200000| PB 0x0000000089200000| Complete |  0
|  73|0x0000000089300000, 0x0000000089400000, 0x0000000089400000|100%| S|CS|TAMS 0x0000000089300000| PB 0x0000000089300000| Complete |  0
|  74|0x0000000089400000, 0x0000000089500000, 0x0000000089500000|100%| S|CS|TAMS 0x0000000089400000| PB 0x0000000089400000| Complete |  0
|  75|0x0000000089500000, 0x0000000089600000, 0x0000000089600000|100%| S|CS|TAMS 0x0000000089500000| PB 0x0000000089500000| Complete |  0
|  76|0x0000000089600000, 0x0000000089700000, 0x0000000089700000|100%| S|CS|TAMS 0x0000000089600000| PB 0x0000000089600000| Complete |  0
|  77|0x0000000089700000, 0x0000000089700000, 0x0000000089800000|  0%| F|  |TAMS 0x0000000089700000| PB 0x0000000089700000| Untracked |  0
|  78|0x0000000089800000, 0x0000000089800000, 0x0000000089900000|  0%| F|  |TAMS 0x0000000089800000| PB 0x0000000089800000| Untracked |  0
|  79|0x0000000089900000, 0x0000000089900000, 0x0000000089a00000|  0%| F|  |TAMS 0x0000000089900000| PB 0x0000000089900000| Untracked |  0
|  80|0x0000000089a00000, 0x0000000089a00000, 0x0000000089b00000|  0%| F|  |TAMS 0x0000000089a00000| PB 0x0000000089a00000| Untracked |  0
|  81|0x0000000089b00000, 0x0000000089b00000, 0x0000000089c00000|  0%| F|  |TAMS 0x0000000089b00000| PB 0x0000000089b00000| Untracked |  0
|  82|0x0000000089c00000, 0x0000000089c00000, 0x0000000089d00000|  0%| F|  |TAMS 0x0000000089c00000| PB 0x0000000089c00000| Untracked |  0
|  83|0x0000000089d00000, 0x0000000089d00000, 0x0000000089e00000|  0%| F|  |TAMS 0x0000000089d00000| PB 0x0000000089d00000| Untracked |  0
|  84|0x0000000089e00000, 0x0000000089e00000, 0x0000000089f00000|  0%| F|  |TAMS 0x0000000089e00000| PB 0x0000000089e00000| Untracked |  0
|  85|0x0000000089f00000, 0x0000000089f00000, 0x000000008a000000|  0%| F|  |TAMS 0x0000000089f00000| PB 0x0000000089f00000| Untracked |  0
|  86|0x000000008a000000, 0x000000008a000000, 0x000000008a100000|  0%| F|  |TAMS 0x000000008a000000| PB 0x000000008a000000| Untracked |  0
|  87|0x000000008a100000, 0x000000008a100000, 0x000000008a200000|  0%| F|  |TAMS 0x000000008a100000| PB 0x000000008a100000| Untracked |  0
|  88|0x000000008a200000, 0x000000008a200000, 0x000000008a300000|  0%| F|  |TAMS 0x000000008a200000| PB 0x000000008a200000| Untracked |  0
|  89|0x000000008a300000, 0x000000008a300000, 0x000000008a400000|  0%| F|  |TAMS 0x000000008a300000| PB 0x000000008a300000| Untracked |  0
|  90|0x000000008a400000, 0x000000008a400000, 0x000000008a500000|  0%| F|  |TAMS 0x000000008a400000| PB 0x000000008a400000| Untracked |  0
|  91|0x000000008a500000, 0x000000008a500000, 0x000000008a600000|  0%| F|  |TAMS 0x000000008a500000| PB 0x000000008a500000| Untracked |  0
|  92|0x000000008a600000, 0x000000008a600000, 0x000000008a700000|  0%| F|  |TAMS 0x000000008a600000| PB 0x000000008a600000| Untracked |  0
|  93|0x000000008a700000, 0x000000008a700000, 0x000000008a800000|  0%| F|  |TAMS 0x000000008a700000| PB 0x000000008a700000| Untracked |  0
|  94|0x000000008a800000, 0x000000008a800000, 0x000000008a900000|  0%| F|  |TAMS 0x000000008a800000| PB 0x000000008a800000| Untracked |  0
|  95|0x000000008a900000, 0x000000008a900000, 0x000000008aa00000|  0%| F|  |TAMS 0x000000008a900000| PB 0x000000008a900000| Untracked |  0
|  96|0x000000008aa00000, 0x000000008aa00000, 0x000000008ab00000|  0%| F|  |TAMS 0x000000008aa00000| PB 0x000000008aa00000| Untracked |  0
|  97|0x000000008ab00000, 0x000000008ab00000, 0x000000008ac00000|  0%| F|  |TAMS 0x000000008ab00000| PB 0x000000008ab00000| Untracked |  0
|  98|0x000000008ac00000, 0x000000008ac00000, 0x000000008ad00000|  0%| F|  |TAMS 0x000000008ac00000| PB 0x000000008ac00000| Untracked |  0
|  99|0x000000008ad00000, 0x000000008ad00000, 0x000000008ae00000|  0%| F|  |TAMS 0x000000008ad00000| PB 0x000000008ad00000| Untracked |  0
| 100|0x000000008ae00000, 0x000000008ae00000, 0x000000008af00000|  0%| F|  |TAMS 0x000000008ae00000| PB 0x000000008ae00000| Untracked |  0
| 101|0x000000008af00000, 0x000000008af00000, 0x000000008b000000|  0%| F|  |TAMS 0x000000008af00000| PB 0x000000008af00000| Untracked |  0
| 102|0x000000008b000000, 0x000000008b000000, 0x000000008b100000|  0%| F|  |TAMS 0x000000008b000000| PB 0x000000008b000000| Untracked |  0
| 103|0x000000008b100000, 0x000000008b100000, 0x000000008b200000|  0%| F|  |TAMS 0x000000008b100000| PB 0x000000008b100000| Untracked |  0
| 104|0x000000008b200000, 0x000000008b200000, 0x000000008b300000|  0%| F|  |TAMS 0x000000008b200000| PB 0x000000008b200000| Untracked |  0
| 105|0x000000008b300000, 0x000000008b300000, 0x000000008b400000|  0%| F|  |TAMS 0x000000008b300000| PB 0x000000008b300000| Untracked |  0
| 106|0x000000008b400000, 0x000000008b400000, 0x000000008b500000|  0%| F|  |TAMS 0x000000008b400000| PB 0x000000008b400000| Untracked |  0
| 107|0x000000008b500000, 0x000000008b500000, 0x000000008b600000|  0%| F|  |TAMS 0x000000008b500000| PB 0x000000008b500000| Untracked |  0
| 108|0x000000008b600000, 0x000000008b600000, 0x000000008b700000|  0%| F|  |TAMS 0x000000008b600000| PB 0x000000008b600000| Untracked |  0
| 109|0x000000008b700000, 0x000000008b700000, 0x000000008b800000|  0%| F|  |TAMS 0x000000008b700000| PB 0x000000008b700000| Untracked |  0
| 110|0x000000008b800000, 0x000000008b800000, 0x000000008b900000|  0%| F|  |TAMS 0x000000008b800000| PB 0x000000008b800000| Untracked |  0
| 111|0x000000008b900000, 0x000000008b900000, 0x000000008ba00000|  0%| F|  |TAMS 0x000000008b900000| PB 0x000000008b900000| Untracked |  0
| 112|0x000000008ba00000, 0x000000008ba00000, 0x000000008bb00000|  0%| F|  |TAMS 0x000000008ba00000| PB 0x000000008ba00000| Untracked |  0
| 113|0x000000008bb00000, 0x000000008bb00000, 0x000000008bc00000|  0%| F|  |TAMS 0x000000008bb00000| PB 0x000000008bb00000| Untracked |  0
| 114|0x000000008bc00000, 0x000000008bc00000, 0x000000008bd00000|  0%| F|  |TAMS 0x000000008bc00000| PB 0x000000008bc00000| Untracked |  0
| 115|0x000000008bd00000, 0x000000008bd00000, 0x000000008be00000|  0%| F|  |TAMS 0x000000008bd00000| PB 0x000000008bd00000| Untracked |  0
| 116|0x000000008be00000, 0x000000008be84010, 0x000000008bf00000| 51%| E|  |TAMS 0x000000008be00000| PB 0x000000008be00000| Complete |  0
| 117|0x000000008bf00000, 0x000000008c000000, 0x000000008c000000|100%| E|CS|TAMS 0x000000008bf00000| PB 0x000000008bf00000| Complete |  0
| 118|0x000000008c000000, 0x000000008c100000, 0x000000008c100000|100%| E|CS|TAMS 0x000000008c000000| PB 0x000000008c000000| Complete |  0
| 119|0x000000008c100000, 0x000000008c200000, 0x000000008c200000|100%| E|CS|TAMS 0x000000008c100000| PB 0x000000008c100000| Complete |  0
| 120|0x000000008c200000, 0x000000008c300000, 0x000000008c300000|100%| E|CS|TAMS 0x000000008c200000| PB 0x000000008c200000| Complete |  0
| 121|0x000000008c300000, 0x000000008c400000, 0x000000008c400000|100%| E|CS|TAMS 0x000000008c300000| PB 0x000000008c300000| Complete |  0
| 122|0x000000008c400000, 0x000000008c500000, 0x000000008c500000|100%| E|CS|TAMS 0x000000008c400000| PB 0x000000008c400000| Complete |  0
| 123|0x000000008c500000, 0x000000008c600000, 0x000000008c600000|100%| E|CS|TAMS 0x000000008c500000| PB 0x000000008c500000| Complete |  0
|1972|0x00000000ffe00000, 0x00000000fff00000, 0x00000000fff00000|100%| O|  |TAMS 0x00000000ffe00000| PB 0x00000000ffe00000| Untracked |  0
|1973|0x00000000fff00000, 0x00000000fff257b8, 0x0000000100000000| 14%| O|  |TAMS 0x00000000fff00000| PB 0x00000000fff00000| Untracked |  0

Card table byte_map: [0x00000151d84c0000,0x00000151d88a0000] _byte_map_base: 0x00000151d809b000

Marking Bits: (CMBitMap*) 0x00000151c024cf20
 Bits: [0x00000151d88a0000, 0x00000151da778000)

Polling page: 0x00000151be1d0000

Metaspace:
Metaspace        used 13842K, committed 14080K, reserved 1114112K
 class space     used 1675K, committed 1792K, reserved 1048576K

Usage:
  Non-class:     11.88 MB used.
      Class:      1.64 MB used.
       Both:     13.52 MB used.

Virtual space:
  Non-class space:       64.00 MB reserved,      12.00 MB ( 19%) committed,  1 nodes.
      Class space:        1.00 GB reserved,       1.75 MB ( <1%) committed,  1 nodes.
             Both:        1.06 GB reserved,      13.75 MB (  1%) committed. 

Chunk freelists:
   Non-Class:  3.88 MB
       Class:  14.26 MB
        Both:  18.15 MB

MaxMetaspaceSize: unlimited
CompressedClassSpaceSize: 1.00 GB
Initial GC threshold: 21.00 MB
Current GC threshold: 21.00 MB
CDS: on
 - commit_granule_bytes: 65536.
 - commit_granule_words: 8192.
 - virtual_space_node_default_size: 8388608.
 - enlarge_chunks_in_place: 1.
UseCompressedClassPointers 1, UseCompactObjectHeaders 0
Narrow klass pointer bits 32, Max shift 3
Narrow klass base: 0x0000000020000000, Narrow klass shift: 0
Encoding Range: [0x0000000020000000 - 0x0000000120000000), (4294967296 bytes)
Klass Range:    [0x0000000020010000 - 0x0000000061000000), (1090453504 bytes)
Klass ID Range:  [65536 - 1090519033) (1090453497)
Protection zone: [0x0000000020000000 - 0x0000000020010000), (65536 bytes)


Internal statistics:

num_allocs_failed_limit: 0.
num_arena_births: 166.
num_arena_deaths: 0.
num_vsnodes_births: 2.
num_vsnodes_deaths: 0.
num_space_committed: 220.
num_space_uncommitted: 0.
num_chunks_returned_to_freelist: 0.
num_chunks_taken_from_freelist: 399.
num_chunk_merges: 0.
num_chunk_splits: 216.
num_chunks_enlarged: 133.
num_inconsistent_stats: 0.

CodeHeap 'non-profiled nmethods': size=120064Kb used=576Kb max_used=576Kb free=119487Kb
 bounds [0x00000151d0530000, 0x00000151d07a0000, 0x00000151d7a70000]
CodeHeap 'profiled nmethods': size=120000Kb used=3152Kb max_used=3152Kb free=116848Kb
 bounds [0x00000151c8a70000, 0x00000151c8d90000, 0x00000151cffa0000]
CodeHeap 'non-nmethods': size=5696Kb used=1396Kb max_used=1414Kb free=4299Kb
 bounds [0x00000151cffa0000, 0x00000151d0210000, 0x00000151d0530000]
CodeCache: size=245760Kb, used=5124Kb, max_used=5142Kb, free=240634Kb
 total_blobs=2557, nmethods=2038, adapters=421, full_count=0
Compilation: enabled, stopped_count=0, restarted_count=0

Compilation events (20 events):
Event: 1.318 Thread 0x00000151dcf86900 nmethod 1973 0x00000151c8d5d608 code [0x00000151c8d5d700, 0x00000151c8d5dda8]
Event: 1.318 Thread 0x00000151dcf86900 1974       3       java.security.SecureClassLoader$CodeSourceKey::<init> (10 bytes)
Event: 1.318 Thread 0x00000151dcf86900 nmethod 1974 0x00000151c8d5de08 code [0x00000151c8d5df00, 0x00000151c8d5e120]
Event: 1.318 Thread 0x00000151dcf86900 1975       3       java.security.SecureClassLoader$1::<init> (15 bytes)
Event: 1.318 Thread 0x00000151dcf86900 nmethod 1975 0x00000151c8d5e188 code [0x00000151c8d5e280, 0x00000151c8d5e590]
Event: 1.318 Thread 0x00000151dcf86900 1976       3       java.security.SecureClassLoader$CodeSourceKey::hashCode (11 bytes)
Event: 1.318 Thread 0x00000151dcf86900 nmethod 1976 0x00000151c8d5e608 code [0x00000151c8d5e700, 0x00000151c8d5e928]
Event: 1.318 Thread 0x00000151dcf86900 1977       3       java.lang.ClassLoader::preDefineClass (118 bytes)
Event: 1.319 Thread 0x00000151dcf86900 nmethod 1977 0x00000151c8d5e988 code [0x00000151c8d5ea80, 0x00000151c8d604e0]
Event: 1.319 Thread 0x00000151dcf86900 1978       3       java.lang.ClassLoader::checkCerts (121 bytes)
Event: 1.320 Thread 0x00000151dcf86900 nmethod 1978 0x00000151c8d60508 code [0x00000151c8d60600, 0x00000151c8d619e0]
Event: 1.320 Thread 0x00000151dcf86900 1979       3       java.lang.ClassLoader::getNamedPackage (73 bytes)
Event: 1.320 Thread 0x00000151dcf86900 nmethod 1979 0x00000151c8d61a08 code [0x00000151c8d61b00, 0x00000151c8d62078]
Event: 1.320 Thread 0x00000151dcf86900 1980       3       sun.net.www.protocol.jar.Handler::canonicalizeString (72 bytes)
Event: 1.321 Thread 0x00000151dcf86900 nmethod 1980 0x00000151c8d62088 code [0x00000151c8d62180, 0x00000151c8d63628]
Event: 1.321 Thread 0x00000151dcf86900 1981       3       java.net.URLStreamHandler::setURL (159 bytes)
Event: 1.323 Thread 0x00000151dcf86900 nmethod 1981 0x00000151c8d63688 code [0x00000151c8d63780, 0x00000151c8d65880]
Event: 1.323 Thread 0x00000151dcf86900 1986   !   3       jdk.internal.loader.Resource::getBytes (170 bytes)
Event: 1.655 Thread 0x00000151dcf86900 nmethod 1986 0x00000151c8d65908 code [0x00000151c8d65a00, 0x00000151c8d666c8]
Event: 1.655 Thread 0x00000151dcf86900 1982   !   3       jdk.internal.loader.BuiltinClassLoader::defineOrCheckPackage (94 bytes)

GC Heap Usage History (2 events):
Event: 1.247 {heap Before GC invocations=0 (full 0):
 garbage-first heap   total reserved 2021376K, committed 129024K, used 51349K [0x0000000084a00000, 0x0000000100000000)
  region size 1024K, 47 young (48128K), 0 survivors (0K)
}
Event: 1.256 {heap After GC invocations=1 (full 0):
 garbage-first heap   total reserved 2021376K, committed 129024K, used 11216K [0x0000000084a00000, 0x0000000100000000)
  region size 1024K, 6 young (6144K), 6 survivors (6144K)
}

Metaspace Usage History (2 events):
Event: 1.247 {metaspace Before GC invocations=0 (full 0):
 Metaspace       used 12918K, committed 13184K, reserved 1114112K
  class space    used 1495K, committed 1600K, reserved 1048576K
}
Event: 1.256 {metaspace After GC invocations=1 (full 0):
 Metaspace       used 12918K, committed 13184K, reserved 1114112K
  class space    used 1495K, committed 1600K, reserved 1048576K
}

Dll operation events (9 events):
Event: 0.013 Loaded shared library C:\Program Files\Java\jdk-25.0.3\bin\java.dll
Event: 0.015 Loaded shared library C:\Program Files\Java\jdk-25.0.3\bin\zip.dll
Event: 0.177 Loaded shared library C:\Program Files\Java\jdk-25.0.3\bin\instrument.dll
Event: 0.190 Loaded shared library C:\Program Files\Java\jdk-25.0.3\bin\verify.dll
Event: 0.245 Loaded shared library C:\Program Files\Java\jdk-25.0.3\bin\zip.dll
Event: 0.260 Loaded shared library C:\Program Files\Java\jdk-25.0.3\bin\jimage.dll
Event: 0.323 Loaded shared library C:\Program Files\Java\jdk-25.0.3\bin\net.dll
Event: 0.325 Loaded shared library C:\Program Files\Java\jdk-25.0.3\bin\nio.dll
Event: 0.401 Loaded shared library C:\Program Files\Java\jdk-25.0.3\bin\extnet.dll

Deoptimization events (20 events):
Event: 1.242 Thread 0x00000151c01eacf0 DEOPT PACKING pc=0x00000151d05bbadc sp=0x00000001cf7fc9e0
Event: 1.242 Thread 0x00000151c01eacf0 DEOPT UNPACKING pc=0x00000151d00bf582 sp=0x00000001cf7fc970 mode 2
Event: 1.245 Thread 0x00000151c01eacf0 Uncommon trap: trap_request=0xffffffd6 fr.pc=0x00000151d05bbadc relative=0x00000000000001dc
Event: 1.245 Thread 0x00000151c01eacf0 Uncommon trap: reason=array_check action=maybe_recompile pc=0x00000151d05bbadc method=java.util.Arrays.fill([Ljava/lang/Object;Ljava/lang/Object;)V @ 13 c2
Event: 1.245 Thread 0x00000151c01eacf0 DEOPT PACKING pc=0x00000151d05bbadc sp=0x00000001cf7fca60
Event: 1.245 Thread 0x00000151c01eacf0 DEOPT UNPACKING pc=0x00000151d00bf582 sp=0x00000001cf7fc9f0 mode 2
Event: 1.245 Thread 0x00000151c01eacf0 Uncommon trap: trap_request=0xffffffd6 fr.pc=0x00000151d05bbadc relative=0x00000000000001dc
Event: 1.245 Thread 0x00000151c01eacf0 Uncommon trap: reason=array_check action=maybe_recompile pc=0x00000151d05bbadc method=java.util.Arrays.fill([Ljava/lang/Object;Ljava/lang/Object;)V @ 13 c2
Event: 1.245 Thread 0x00000151c01eacf0 DEOPT PACKING pc=0x00000151d05bbadc sp=0x00000001cf7fc7d0
Event: 1.245 Thread 0x00000151c01eacf0 DEOPT UNPACKING pc=0x00000151d00bf582 sp=0x00000001cf7fc760 mode 2
Event: 1.257 Thread 0x00000151c01eacf0 Uncommon trap: trap_request=0xffffff45 fr.pc=0x00000151d05ae960 relative=0x0000000000000060
Event: 1.257 Thread 0x00000151c01eacf0 Uncommon trap: reason=unstable_if action=reinterpret pc=0x00000151d05ae960 method=java.lang.ref.ReferenceQueue.poll()Ljava/lang/ref/Reference; @ 4 c2
Event: 1.257 Thread 0x00000151c01eacf0 DEOPT PACKING pc=0x00000151d05ae960 sp=0x00000001cf7fd830
Event: 1.257 Thread 0x00000151c01eacf0 DEOPT UNPACKING pc=0x00000151d00bf582 sp=0x00000001cf7fd740 mode 2
Event: 1.257 Thread 0x00000151c01eacf0 Uncommon trap: trap_request=0xffffff45 fr.pc=0x00000151d0553758 relative=0x0000000000000058
Event: 1.257 Thread 0x00000151c01eacf0 Uncommon trap: reason=unstable_if action=reinterpret pc=0x00000151d0553758 method=java.lang.ref.ReferenceQueue.poll()Ljava/lang/ref/Reference; @ 4 c2
Event: 1.257 Thread 0x00000151c01eacf0 DEOPT PACKING pc=0x00000151d0553758 sp=0x00000001cf7fd7c0
Event: 1.257 Thread 0x00000151c01eacf0 DEOPT UNPACKING pc=0x00000151d00bf582 sp=0x00000001cf7fd740 mode 2
Event: 1.295 Thread 0x00000151c01eacf0 DEOPT PACKING pc=0x00000151c8bad310 sp=0x00000001cf7fd190
Event: 1.295 Thread 0x00000151c01eacf0 DEOPT UNPACKING pc=0x00000151cfff1702 sp=0x00000001cf7fc698 mode 0

Classes loaded (20 events):
Event: 1.315 Loading class org/junit/jupiter/engine/descriptor/JupiterEngineExtensionContext
Event: 1.315 Loading class org/junit/jupiter/engine/descriptor/JupiterEngineExtensionContext done
Event: 1.316 Loading class org/junit/jupiter/engine/descriptor/AbstractExtensionContext
Event: 1.316 Loading class org/junit/jupiter/engine/descriptor/AbstractExtensionContext done
Event: 1.317 Loading class org/junit/jupiter/engine/extension/ExtensionContextInternal
Event: 1.317 Loading class org/junit/jupiter/engine/extension/ExtensionContextInternal done
Event: 1.318 Loading class org/junit/jupiter/api/extension/ExecutableInvoker
Event: 1.318 Loading class org/junit/jupiter/api/extension/ExecutableInvoker done
Event: 1.319 Loading class org/junit/jupiter/engine/execution/DefaultExecutableInvoker
Event: 1.319 Loading class org/junit/jupiter/engine/execution/DefaultExecutableInvoker done
Event: 1.320 Loading class org/junit/platform/engine/TestTag
Event: 1.320 Loading class org/junit/platform/engine/TestTag done
Event: 1.320 Loading class org/junit/jupiter/engine/execution/NamespaceAwareStore
Event: 1.320 Loading class org/junit/jupiter/engine/execution/NamespaceAwareStore done
Event: 1.322 Loading class org/junit/jupiter/api/extension/ExtensionContextException
Event: 1.322 Loading class org/junit/jupiter/api/extension/ExtensionContextException done
Event: 1.323 Loading class org/junit/platform/engine/support/store/Namespace
Event: 1.323 Loading class org/junit/platform/engine/support/store/Namespace done
Event: 1.655 Loading class org/junit/jupiter/engine/descriptor/AbstractExtensionContext
Event: 1.655 Loading class org/junit/jupiter/engine/descriptor/AbstractExtensionContext done

Classes unloaded (0 events):
No events

Classes redefined (1 events):
Event: 0.204 Thread 0x00000151dcf5ae30 redefined class name=java.lang.Throwable, count=1

Internal exceptions (20 events):
Event: 0.939 Thread 0x00000151c01eacf0 Exception <a 'java/lang/NoSuchMethodError'{0x000000008a2059e0}: 'java.lang.Object java.lang.invoke.DirectMethodHandle$Holder.newInvokeSpecial(java.lang.Object, java.lang.Object, java.lang.Object, java.lang.Object, java.lang.Object, java.lang.Object)'> (0x000000008a2059e0) 
thrown [s\open\src\hotspot\share\interpreter\linkResolver.cpp, line 804]
Event: 0.958 Thread 0x00000151c01eacf0 Exception <a 'java/lang/NoSuchMethodError'{0x000000008a2adbe0}: 'java.lang.Object java.lang.invoke.DirectMethodHandle$Holder.invokeStatic(java.lang.Object, java.lang.Object, int)'> (0x000000008a2adbe0) 
thrown [s\open\src\hotspot\share\interpreter\linkResolver.cpp, line 804]
Event: 0.959 Thread 0x00000151c01eacf0 Exception <a 'java/lang/NoSuchMethodError'{0x000000008a2b5d48}: 'java.lang.Object java.lang.invoke.DirectMethodHandle$Holder.invokeStaticInit(java.lang.Object, java.lang.Object, int)'> (0x000000008a2b5d48) 
thrown [s\open\src\hotspot\share\interpreter\linkResolver.cpp, line 804]
Event: 1.092 Thread 0x00000151c01eacf0 Exception <a 'java/lang/NoSuchMethodError'{0x0000000089ebd688}: 'java.lang.Object java.lang.invoke.DirectMethodHandle$Holder.invokeSpecialIFC(java.lang.Object, java.lang.Object, java.lang.Object, java.lang.Object)'> (0x0000000089ebd688) 
thrown [s\open\src\hotspot\share\interpreter\linkResolver.cpp, line 804]
Event: 1.103 Thread 0x00000151c01eacf0 Exception <a 'java/lang/NoSuchMethodError'{0x0000000089d1c1a0}: 'void java.lang.invoke.DirectMethodHandle$Holder.invokeInterface(java.lang.Object, java.lang.Object, java.lang.Object)'> (0x0000000089d1c1a0) 
thrown [s\open\src\hotspot\share\interpreter\linkResolver.cpp, line 804]
Event: 1.155 Thread 0x00000151c01eacf0 Exception <a 'java/lang/NoSuchMethodError'{0x0000000089b75068}: 'void java.lang.invoke.DirectMethodHandle$Holder.invokeInterface(java.lang.Object, java.lang.Object, java.lang.Object, java.lang.Object, java.lang.Object)'> (0x0000000089b75068) 
thrown [s\open\src\hotspot\share\interpreter\linkResolver.cpp, line 804]
Event: 1.156 Thread 0x00000151c01eacf0 Exception <a 'java/lang/IncompatibleClassChangeError'{0x0000000089b7d470}: Found class java.lang.Object, but interface was expected> (0x0000000089b7d470) 
thrown [s\open\src\hotspot\share\interpreter\linkResolver.cpp, line 871]
Event: 1.163 Thread 0x00000151c01eacf0 Exception <a 'java/lang/IncompatibleClassChangeError'{0x0000000089bdd840}: Found class java.lang.Object, but interface was expected> (0x0000000089bdd840) 
thrown [s\open\src\hotspot\share\interpreter\linkResolver.cpp, line 871]
Event: 1.193 Thread 0x00000151c01eacf0 Exception <a 'java/lang/IncompatibleClassChangeError'{0x0000000089942ac8}: Found class java.lang.Object, but interface was expected> (0x0000000089942ac8) 
thrown [s\open\src\hotspot\share\interpreter\linkResolver.cpp, line 871]
Event: 1.196 Thread 0x00000151c01eacf0 Exception <a 'java/lang/NoSuchMethodError'{0x00000000899778c8}: 'void java.lang.invoke.DirectMethodHandle$Holder.invokeSpecial(java.lang.Object, java.lang.Object, java.lang.Object, java.lang.Object, java.lang.Object)'> (0x00000000899778c8) 
thrown [s\open\src\hotspot\share\interpreter\linkResolver.cpp, line 804]
Event: 1.198 Thread 0x00000151c01eacf0 Exception <a 'java/lang/NoSuchMethodError'{0x00000000899982e0}: 'void java.lang.invoke.DirectMethodHandle$Holder.invokeInterface(java.lang.Object, java.lang.Object)'> (0x00000000899982e0) 
thrown [s\open\src\hotspot\share\interpreter\linkResolver.cpp, line 804]
Event: 1.198 Thread 0x00000151c01eacf0 Exception <a 'java/lang/IncompatibleClassChangeError'{0x00000000899a0268}: Found class java.lang.Object, but interface was expected> (0x00000000899a0268) 
thrown [s\open\src\hotspot\share\interpreter\linkResolver.cpp, line 871]
Event: 1.208 Thread 0x00000151c01eacf0 Exception <a 'java/lang/NoSuchMethodError'{0x000000008982c3b8}: 'void java.lang.invoke.DirectMethodHandle$Holder.invokeInterface(java.lang.Object, java.lang.Object, java.lang.Object, java.lang.Object)'> (0x000000008982c3b8) 
thrown [s\open\src\hotspot\share\interpreter\linkResolver.cpp, line 804]
Event: 1.208 Thread 0x00000151c01eacf0 Exception <a 'java/lang/IncompatibleClassChangeError'{0x0000000089834478}: Found class java.lang.Object, but interface was expected> (0x0000000089834478) 
thrown [s\open\src\hotspot\share\interpreter\linkResolver.cpp, line 871]
Event: 1.221 Thread 0x00000151c01eacf0 Exception <a 'java/lang/NoSuchMethodError'{0x00000000898d0000}: 'java.lang.Object java.lang.invoke.Invokers$Holder.linkToTargetMethod(java.lang.Object, int, java.lang.Object, java.lang.Object)'> (0x00000000898d0000) 
thrown [s\open\src\hotspot\share\interpreter\linkResolver.cpp, line 804]
Event: 1.222 Thread 0x00000151c01eacf0 Exception <a 'java/lang/NoSuchMethodError'{0x00000000898e1938}: 'java.lang.Object java.lang.invoke.DirectMethodHandle$Holder.invokeSpecial(java.lang.Object, java.lang.Object, int, java.lang.Object, int)'> (0x00000000898e1938) 
thrown [s\open\src\hotspot\share\interpreter\linkResolver.cpp, line 804]
Event: 1.223 Thread 0x00000151c01eacf0 Exception <a 'java/lang/NoSuchMethodError'{0x00000000898f2000}: 'java.lang.Object java.lang.invoke.DelegatingMethodHandle$Holder.reinvoke_L(java.lang.Object, java.lang.Object, int, java.lang.Object, int)'> (0x00000000898f2000) 
thrown [s\open\src\hotspot\share\interpreter\linkResolver.cpp, line 804]
Event: 1.228 Thread 0x00000151c01eacf0 Exception <a 'java/lang/NoSuchMethodError'{0x000000008973e5a0}: 'java.lang.Object java.lang.invoke.DirectMethodHandle$Holder.newInvokeSpecial(java.lang.Object, java.lang.Object, int)'> (0x000000008973e5a0) 
thrown [s\open\src\hotspot\share\interpreter\linkResolver.cpp, line 804]
Event: 1.269 Thread 0x00000151c01eacf0 Exception <a 'java/lang/NoSuchMethodError'{0x000000008c5771d8}: 'int java.lang.invoke.DirectMethodHandle$Holder.invokeStatic(java.lang.Object, java.lang.Object, java.lang.Object, java.lang.Object, java.lang.Object)'> (0x000000008c5771d8) 
thrown [s\open\src\hotspot\share\interpreter\linkResolver.cpp, line 804]
Event: 1.289 Thread 0x00000151c01eacf0 Exception <a 'java/lang/NoSuchMethodError'{0x000000008c4639b8}: 'void java.lang.invoke.DirectMethodHandle$Holder.invokeStaticInit(java.lang.Object)'> (0x000000008c4639b8) 
thrown [s\open\src\hotspot\share\interpreter\linkResolver.cpp, line 804]

VM Operations (16 events):
Event: 0.162 Executing non-safepoint VM operation: HandshakeAllThreads (Deoptimize)
Event: 0.162 Executing non-safepoint VM operation: HandshakeAllThreads (Deoptimize) done
Event: 0.203 Executing safepoint VM operation: RedefineClasses
Event: 0.204 Executing safepoint VM operation: RedefineClasses done
Event: 0.375 Executing non-safepoint VM operation: HandshakeAllThreads (Deoptimize)
Event: 0.375 Executing non-safepoint VM operation: HandshakeAllThreads (Deoptimize) done
Event: 0.610 Executing non-safepoint VM operation: HandshakeAllThreads (Deoptimize)
Event: 0.610 Executing non-safepoint VM operation: HandshakeAllThreads (Deoptimize) done
Event: 0.645 Executing non-safepoint VM operation: HandshakeAllThreads (Deoptimize)
Event: 0.645 Executing non-safepoint VM operation: HandshakeAllThreads (Deoptimize) done
Event: 0.645 Executing non-safepoint VM operation: HandshakeAllThreads (Deoptimize)
Event: 0.645 Executing non-safepoint VM operation: HandshakeAllThreads (Deoptimize) done
Event: 0.980 Executing non-safepoint VM operation: HandshakeAllThreads (Deoptimize)
Event: 0.981 Executing non-safepoint VM operation: HandshakeAllThreads (Deoptimize) done
Event: 1.247 Executing safepoint VM operation: G1CollectForAllocation (G1 Evacuation Pause)
Event: 1.256 Executing safepoint VM operation: G1CollectForAllocation (G1 Evacuation Pause) done

Memory protections (0 events):
No events

Nmethod flushes (0 events):
No events

Events (14 events):
Event: 0.032 Thread 0x00000151c01eacf0 Thread added: 0x00000151c01eacf0
Event: 0.041 Thread 0x00000151c01eacf0 Thread added: 0x00000151dcf6bd50
Event: 0.042 Thread 0x00000151c01eacf0 Thread added: 0x00000151dcf6c7b0
Event: 0.042 Thread 0x00000151c01eacf0 Thread added: 0x00000151dcf6d610
Event: 0.042 Thread 0x00000151c01eacf0 Thread added: 0x00000151dcf6f460
Event: 0.042 Thread 0x00000151c01eacf0 Thread added: 0x00000151dcf70280
Event: 0.042 Thread 0x00000151c01eacf0 Thread added: 0x00000151dcf77590
Event: 0.042 Thread 0x00000151c01eacf0 Thread added: 0x00000151dcf7c490
Event: 0.042 Thread 0x00000151c01eacf0 Thread added: 0x00000151dcf86900
Event: 0.171 Thread 0x00000151dcf86900 Thread added: 0x00000151dd58a510
Event: 0.186 Thread 0x00000151c01eacf0 Thread added: 0x00000151dd59f6c0
Event: 0.205 Thread 0x00000151c01eacf0 Thread added: 0x00000151dd676da0
Event: 0.368 Thread 0x00000151c01eacf0 Thread added: 0x00000151e23b2a00
Event: 0.368 Thread 0x00000151c01eacf0 Thread added: 0x00000151e27a8460


Dynamic libraries:
0x00007ff61dd00000 - 0x00007ff61dd10000 	C:\Program Files\Java\jdk-25.0.3\bin\java.exe
0x00007ffc4e280000 - 0x00007ffc4e4e7000 	C:\WINDOWS\SYSTEM32\ntdll.dll
0x00007ffc4db30000 - 0x00007ffc4dbf9000 	C:\WINDOWS\System32\KERNEL32.DLL
0x00007ffc4ad70000 - 0x00007ffc4b167000 	C:\WINDOWS\System32\KERNELBASE.dll
0x00007ffc4b610000 - 0x00007ffc4b75b000 	C:\WINDOWS\System32\ucrtbase.dll
0x00007ffc3b870000 - 0x00007ffc3b887000 	C:\Program Files\Java\jdk-25.0.3\bin\jli.dll
0x00007ffc3b800000 - 0x00007ffc3b81e000 	C:\Program Files\Java\jdk-25.0.3\bin\VCRUNTIME140.dll
0x00007ffc4d0e0000 - 0x00007ffc4d2a6000 	C:\WINDOWS\System32\USER32.dll
0x00007ffc4b760000 - 0x00007ffc4b787000 	C:\WINDOWS\System32\win32u.dll
0x00007ffc4c200000 - 0x00007ffc4c22b000 	C:\WINDOWS\System32\GDI32.dll
0x00007ffc4b4e0000 - 0x00007ffc4b60c000 	C:\WINDOWS\System32\gdi32full.dll
0x00007ffc4b170000 - 0x00007ffc4b213000 	C:\WINDOWS\System32\msvcp_win.dll
0x00007ffc38460000 - 0x00007ffc386f2000 	C:\WINDOWS\WinSxS\amd64_microsoft.windows.common-controls_6595b64144ccf1df_6.0.26100.8457_none_3e0b2faee331e92d\COMCTL32.dll
0x00007ffc4e140000 - 0x00007ffc4e1e9000 	C:\WINDOWS\System32\msvcrt.dll
0x00007ffc4d7e0000 - 0x00007ffc4d812000 	C:\WINDOWS\System32\IMM32.DLL
0x00007ffc45be0000 - 0x00007ffc45bec000 	C:\Program Files\Java\jdk-25.0.3\bin\vcruntime140_1.dll
0x00007ffc06340000 - 0x00007ffc063cd000 	C:\Program Files\Java\jdk-25.0.3\bin\msvcp140.dll
0x00007ffbb9b00000 - 0x00007ffbba960000 	C:\Program Files\Java\jdk-25.0.3\bin\server\jvm.dll
0x00007ffc4c140000 - 0x00007ffc4c1f6000 	C:\WINDOWS\System32\ADVAPI32.dll
0x00007ffc4d2b0000 - 0x00007ffc4d357000 	C:\WINDOWS\System32\sechost.dll
0x00007ffc4d8a0000 - 0x00007ffc4d9b8000 	C:\WINDOWS\System32\RPCRT4.dll
0x00007ffc4c230000 - 0x00007ffc4c2b0000 	C:\WINDOWS\System32\WS2_32.dll
0x00007ffc49880000 - 0x00007ffc498de000 	C:\WINDOWS\SYSTEM32\POWRPROF.dll
0x00007ffc43bf0000 - 0x00007ffc43bfb000 	C:\WINDOWS\SYSTEM32\VERSION.dll
0x00007ffc3c110000 - 0x00007ffc3c146000 	C:\WINDOWS\SYSTEM32\WINMM.dll
0x00007ffc49860000 - 0x00007ffc49874000 	C:\WINDOWS\SYSTEM32\UMPDC.dll
0x00007ffc49b30000 - 0x00007ffc49b4b000 	C:\WINDOWS\SYSTEM32\kernel.appcore.dll
0x00007ffc42eb0000 - 0x00007ffc42eba000 	C:\Program Files\Java\jdk-25.0.3\bin\jimage.dll
0x00007ffc48b50000 - 0x00007ffc48d92000 	C:\WINDOWS\SYSTEM32\DBGHELP.DLL
0x00007ffc4dd80000 - 0x00007ffc4e103000 	C:\WINDOWS\System32\combase.dll
0x00007ffc4da20000 - 0x00007ffc4daf9000 	C:\WINDOWS\System32\OLEAUT32.dll
0x00007ffc30750000 - 0x00007ffc3078b000 	C:\WINDOWS\SYSTEM32\dbgcore.DLL
0x00007ffc4b430000 - 0x00007ffc4b4d8000 	C:\WINDOWS\System32\bcryptPrimitives.dll
0x00007ffc42ea0000 - 0x00007ffc42eb0000 	C:\Program Files\Java\jdk-25.0.3\bin\instrument.dll
0x00007ffc3b830000 - 0x00007ffc3b84f000 	C:\Program Files\Java\jdk-25.0.3\bin\java.dll
0x00007ffc4c330000 - 0x00007ffc4c4c7000 	C:\WINDOWS\System32\ole32.dll
0x00007ffc4c960000 - 0x00007ffc4d0ce000 	C:\WINDOWS\System32\SHELL32.dll
0x00007ffc3b760000 - 0x00007ffc3b777000 	C:\Program Files\Java\jdk-25.0.3\bin\zip.dll
0x00007ffc4b790000 - 0x00007ffc4bffc000 	C:\WINDOWS\System32\windows.storage.dll
0x00007ffc4d540000 - 0x00007ffc4d636000 	C:\WINDOWS\System32\SHCORE.dll
0x00007ffc4c2c0000 - 0x00007ffc4c326000 	C:\WINDOWS\System32\shlwapi.dll
0x00007ffc4abd0000 - 0x00007ffc4abf9000 	C:\WINDOWS\SYSTEM32\profapi.dll
0x00007ffc3daf0000 - 0x00007ffc3db00000 	C:\Program Files\Java\jdk-25.0.3\bin\verify.dll
0x00007ffc37e30000 - 0x00007ffc37e42000 	C:\Program Files\Java\jdk-25.0.3\bin\net.dll
0x00007ffc4a080000 - 0x00007ffc4a0ec000 	C:\WINDOWS\system32\mswsock.dll
0x00007ffc37350000 - 0x00007ffc37366000 	C:\Program Files\Java\jdk-25.0.3\bin\nio.dll
0x00007ffc37e00000 - 0x00007ffc37e09000 	C:\Program Files\Java\jdk-25.0.3\bin\extnet.dll

JVMTI agents:
C:\Users\kulze\AppData\Local\JetBrains\IdeaIC2025.2\captureAgent\debugger-agent.jar path:C:\Program Files\Java\jdk-25.0.3\bin\instrument.dll, loaded, initialized, instrumentlib options:file:///C:/Users/kulze/AppData/Local/Temp/capture9596058923450046628.props
C:\Users\kulze\AppData\Local\JetBrains\IdeaIC2025.2\testAgent\intellij.platform.coverage.agent.jar path:C:\Program Files\Java\jdk-25.0.3\bin\instrument.dll, loaded, initialized, instrumentlib options:C:\Users\kulze\AppData\Local\Temp\coverage3args
C:\Program Files\JetBrains\IntelliJ IDEA Community Edition 2025.2.6.2\lib\idea_rt.jar path:C:\Program Files\Java\jdk-25.0.3\bin\instrument.dll, loaded, initialized, instrumentlib options:60151

dbghelp: loaded successfully - version: 4.0.5 - missing functions: none
symbol engine: initialized successfully - sym options: 0x614 - pdb path: .;C:\Program Files\Java\jdk-25.0.3\bin;C:\WINDOWS\SYSTEM32;C:\WINDOWS\WinSxS\amd64_microsoft.windows.common-controls_6595b64144ccf1df_6.0.26100.8457_none_3e0b2faee331e92d;C:\Program Files\Java\jdk-25.0.3\bin\server

VM Arguments:
jvm_args: -javaagent:C:\Users\kulze\AppData\Local\JetBrains\IdeaIC2025.2\captureAgent\debugger-agent.jar=file:///C:/Users/kulze/AppData/Local/Temp/capture9596058923450046628.props -ea -javaagent:C:\Users\kulze\AppData\Local\JetBrains\IdeaIC2025.2\testAgent\intellij.platform.coverage.agent.jar=C:\Users\kulze\AppData\Local\Temp\coverage3args -Didea.coverage.calculate.hits=true -Didea.test.cyclic.buffer.size=1048576 -javaagent:C:\Program Files\JetBrains\IntelliJ IDEA Community Edition 2025.2.6.2\lib\idea_rt.jar=60151 -Dkotlinx.coroutines.debug.enable.creation.stack.trace=false -Ddebugger.agent.enable.coroutines=true -Dkotlinx.coroutines.debug.enable.flows.stack.trace=true -Dkotlinx.coroutines.debug.enable.mutable.state.flows.stack.trace=true -Dfile.encoding=UTF-8 -Dsun.stdout.encoding=UTF-8 -Dsun.stderr.encoding=UTF-8 
java_command: com.intellij.rt.junit.JUnitStarter -ideVersion5 -junit6 br.com.cwi.redesocial.mapper.curtida.CurtidaMapperTest
java_class_path (initial): C:\Users\kulze\.m2\repository\org\junit\platform\junit-platform-launcher\6.0.3\junit-platform-launcher-6.0.3.jar;C:\Program Files\JetBrains\IntelliJ IDEA Community Edition 2025.2.6.2\lib\idea_rt.jar;C:\Program Files\JetBrains\IntelliJ IDEA Community Edition 2025.2.6.2\plugins\junit\lib\junit6-rt.jar;C:\Program Files\JetBrains\IntelliJ IDEA Community Edition 2025.2.6.2\plugins\junit\lib\junit5-rt.jar;C:\Program Files\JetBrains\IntelliJ IDEA Community Edition 2025.2.6.2\plugins\junit\lib\junit-rt.jar;C:\Users\kulze\OneDrive\Documentos\minha-rede-social\redesocial\redesocial\target\test-classes;C:\Users\kulze\OneDrive\Documentos\minha-rede-social\redesocial\redesocial\target\classes;C:\Users\kulze\.m2\repository\org\springframework\boot\spring-boot-starter-actuator\4.0.6\spring-boot-starter-actuator-4.0.6.jar;C:\Users\kulze\.m2\repository\org\springframework\boot\spring-boot-starter\4.0.6\spring-boot-starter-4.0.6.jar;C:\Users\kulze\.m2\repository\org\springframework\boot\spring-boot-starter-logging\4.0.6\spring-boot-starter-logging-4.0.6.jar;C:\Users\kulze\.m2\repository\ch\qos\logback\logback-classic\1.5.32\logback-classic-1.5.32.jar;C:\Users\kulze\.m2\repository\ch\qos\logback\logback-core\1.5.32\logback-core-1.5.32.jar;C:\Users\kulze\.m2\repository\org\apache\logging\log4j\log4j-to-slf4j\2.25.4\log4j-to-slf4j-2.25.4.jar;C:\Users\kulze\.m2\repository\org\apache\logging\log4j\log4j-api\2.25.4\log4j-api-2.25.4.jar;C:\Users\kulze\.m2\repository\org\slf4j\jul-to-slf4j\2.0.17\jul-to-slf4j-2.0.17.jar;C:\Users\kulze\.m2\repository\org\springframework\boot\spring-boot-autoconfigure\4.0.6\spring-boot-autoconfigure-4.0.6.jar;C:\Users\kulze\.m2\repository\jakarta\annotation\jakarta.annotation-api\3.0.0\jakarta.annotation-api-3.0.0.jar;C:\Users\kulze\.m2\repository\org\yaml\snakeyaml\2.5\snakeyaml-2.5.jar;C:\Users\kulze\.m2\repository\org\springframework\boot\spring-boot-starter-micrometer-metrics\4.0.6\spring-boot-starter-micrometer-metrics-4.0.6.jar;C:\Users\kulze\.m2\repository\org\springframework\boot\spring-boot-micrometer-metrics\4.0.6\spring-boot-micrometer-metrics-4.0.6.jar;C:\Users\kulze\.m2\repository\org\springframework\boot\spring-boot-micrometer-observation\4.0.6\spring-boot-micrometer-observation-4.0.6.jar;C:\Users\kulze\.m2\repository\org\springframework\boot\spring-boot-actuator-autoconfigure\4.0.6\spring-boot-actuator-autoconfigure-4.0.6.jar;C:\Users\kulze\.m2\repository\org\springframework\boot\spring-boot-actuator\4.0.6\spring-boot-actuator-4.0.6.jar;C:\Users\kulze\.m2\repository\org\springframework\boot\spring-boot-health\4.0.6\spring-boot-health-4.0.6.jar;C:\Users\kulze\.m2\repository\org\springframework\boot\spring-boot\4.0.6\spring-boot-4.0.6.jar;C:\Users\kulze\.m2\repository\org\springframework\spring-context\7.0.7\spring-context-7.0.7.jar;C:\Users\kulze\.m2\repository\io\micrometer\micrometer-observation\1.16.5\micrometer-observation-1.16.5.jar;C:\Users\kulze\.m2\repository\org\jspecify\jspecify\1.0.0\jspecify-1.0.0.jar;C:\Users\kulze\.m2\repository\io\micrometer\micrometer-commons\1.16.5\micrometer-commons-1.16.5.jar;C:\Users\kulze\.m2\repository\io\micrometer\micrometer-jakarta9\1.16.5\micrometer-jakarta9-1.16.5.jar;C:\Users\kulze\.m2\repository\io\micrometer\micrometer-core\1.16.5\micrometer-core-1.16.5.jar;C:\Users\kulze\.m2\repository\org\hdrhistogram\HdrHistogram\2.2.2\HdrHistogram-2.2.2.jar;C:\Users\kulze\.m2\repository\org\latencyutils\LatencyUtils\2.0.3\LatencyUtils-2.0.3.jar;C:\Users\kulze\.m2\repository\org\springframework\boot\spring-boot-starter-data-jpa\4.0.6\spring-boot-starter-data-jpa-4.0.6.jar;C:\Users\kulze\.m2\repository\org\springframework\boot\spring-boot-starter-jdbc\4.0.6\spring-boot-starter-jdbc-4.0.6.jar;C:\Users\kulze\.m2\repository\com\zaxxer\HikariCP\7.0.2\HikariCP-7.0.2.jar;C:\Users\kulze\.m2\repository\org\slf4j\slf4j-api\2.0.17\slf4j-api-2.0.17.jar;C:\Users\kulze\.m2\repository\org\springframework\boot\spring-boot-data-jpa\4.0.6\spring-boot-data-jpa-4.0.6.jar;C:\Users\kulze\.m2\repository\org\springframework\boot\spring-boot-data-commons\4.0.6\spring-boot-data-commons-4.0.6.jar;C:\Users\kulze\.m2\repository\org\springframework\boot\spring-boot-persistence\4.0.6\spring-boot-persistence-4.0.6.jar;C:\Users\kulze\.m2\repository\org\springframework\data\spring-data-commons\4.0.5\spring-data-commons-4.0.5.jar;C:\Users\kulze\.m2\repository\org\springframework\boot\spring-boot-hibernate\4.0.6\spring-boot-hibernate-4.0.6.jar;C:\Users\kulze\.m2\repository\org\springframework\boot\spring-boot-jpa\4.0.6\spring-boot-jpa-4.0.6.jar;C:\Users\kulze\.m2\repository\jakarta\persistence\jakarta.persistence-api\3.2.0\jakarta.persistence-api-3.2.0.jar;C:\Users\kulze\.m2\repository\org\hibernate\orm\hibernate-core\7.2.12.Final\hibernate-core-7.2.12.Final.jar;C:\Users\kulze\.m2\repository\jakarta\transaction\jakarta.transaction-api\2.0.1\jakarta.transaction-api-2.0.1.jar;C:\Users\kulze\.m2\repository\org\hibernate\models\hibernate-models\1.0.1\hibernate-models-1.0.1.jar;C:\Users\kulze\.m2\repository\org\glassfish\jaxb\jaxb-runtime\4.0.6\jaxb-runtime-4.0.6.jar;C:\Users\kulze\.m2\repository\org\glassfish\jaxb\jaxb-core\4.0.6\jaxb-core-4.0.6.jar;C:\Users\kulze\.m2\repository\org\eclipse\angus\angus-activation\2.0.3\angus-activation-2.0.3.jar;C:\Users\kulze\.m2\repository\org\glassfish\jaxb\txw2\4.0.6\txw2-4.0.6.jar;C:\Users\kulze\.m2\repository\com\sun\istack\istack-commons-runtime\4.1.2\istack-commons-runtime-4.1.2.jar;C:\Users\kulze\.m2\repository\jakarta\inject\jakarta.inject-api\2.0.1\jakarta.inject-api-2.0.1.jar;C:\Users\kulze\.m2\repository\org\springframework\spring-orm\7.0.7\spring-orm-7.0.7.jar;C:\Users\kulze\.m2\repository\org\springframework\data\spring-data-jpa\4.0.5\spring-data-jpa-4.0.5.jar;C:\Users\kulze\.m2\repository\org\springframework\spring-tx\7.0.7\spring-tx-7.0.7.jar;C:\Users\kulze\.m2\repository\org\antlr\antlr4-runtime\4.13.2\antlr4-runtime-4.13.2.jar;C:\Users\kulze\.m2\repository\org\springframework\spring-aspects\7.0.7\spring-aspects-7.0.7.jar;C:\Users\kulze\.m2\repository\org\aspectj\aspectjweaver\1.9.25.1\aspectjweaver-1.9.25.1.jar;C:\Users\kulze\.m2\repository\org\springframework\boot\spring-boot-jdbc\4.0.6\spring-boot-jdbc-4.0.6.jar;C:\Users\kulze\.m2\repository\org\springframework\boot\spring-boot-sql\4.0.6\spring-boot-sql-4.0.6.jar;C:\Users\kulze\.m2\repository\org\springframework\boot\spring-boot-transaction\4.0.6\spring-boot-transaction-4.0.6.jar;C:\Users\kulze\.m2\repository\org\springframework\spring-jdbc\7.0.7\spring-jdbc-7.0.7.jar;C:\Users\kulze\.m2\repository\org\springframework\boot\spring-boot-starter-validation\4.0.6\spring-boot-starter-validation-4.0.6.jar;C:\Users\kulze\.m2\repository\org\springframework\boot\spring-boot-validation\4.0.6\spring-boot-validation-4.0.6.jar;C:\Users\kulze\.m2\repository\org\apache\tomcat\embed\tomcat-embed-el\11.0.21\tomcat-embed-el-11.0.21.jar;C:\Users\kulze\.m2\repository\org\hibernate\validator\hibernate-validator\9.0.1.Final\hibernate-validator-9.0.1.Final.jar;C:\Users\kulze\.m2\repository\jakarta\validation\jakarta.validation-api\3.1.1\jakarta.validation-api-3.1.1.jar;C:\Users\kulze\.m2\repository\org\jboss\logging\jboss-logging\3.6.3.Final\jboss-logging-3.6.3.Final.jar;C:\Users\kulze\.m2\repository\com\fasterxml\classmate\1.7.3\classmate-1.7.3.jar;C:\Users\kulze\.m2\repository\org\springframework\boot\spring-boot-starter-webmvc\4.0.6\spring-boot-starter-webmvc-4.0.6.jar;C:\Users\kulze\.m2\repository\org\springframework\boot\spring-boot-starter-jackson\4.0.6\spring-boot-starter-jackson-4.0.6.jar;C:\Users\kulze\.m2\repository\org\springframework\boot\spring-boot-jackson\4.0.6\spring-boot-jackson-4.0.6.jar;C:\Users\kulze\.m2\repository\tools\jackson\core\jackson-databind\3.1.2\jackson-databind-3.1.2.jar;C:\Users\kulze\.m2\repository\com\fasterxml\jackson\core\jackson-annotations\2.21\jackson-annotations-2.21.jar;C:\Users\kulze\.m2\repository\tools\jackson\core\jackson-core\3.1.2\jackson-core-3.1.2.jar;C:\Users\kulze\.m2\repository\org\springframework\boot\spring-boot-starter-tomcat\4.0.6\spring-boot-starter-tomcat-4.0.6.jar;C:\Users\kulze\.m2\repository\org\springframework\boot\spring-boot-starter-tomcat-runtime\4.0.6\spring-boot-starter-tomcat-runtime-4.0.6.jar;C:\Users\kulze\.m2\repository\org\apache\tomcat\embed\tomcat-embed-core\11.0.21\tomcat-embed-core-11.0.21.jar;C:\Users\kulze\.m2\repository\org\apache\tomcat\embed\tomcat-embed-websocket\11.0.21\tomcat-embed-websocket-11.0.21.jar;C:\Users\kulze\.m2\repository\org\springframework\boot\spring-boot-tomcat\4.0.6\spring-boot-tomcat-4.0.6.jar;C:\Users\kulze\.m2\repository\org\springframework\boot\spring-boot-http-converter\4.0.6\spring-boot-http-converter-4.0.6.jar;C:\Users\kulze\.m2\repository\org\springframework\spring-web\7.0.7\spring-web-7.0.7.jar;C:\Users\kulze\.m2\repository\org\springframework\boot\spring-boot-webmvc\4.0.6\spring-boot-webmvc-4.0.6.jar;C:\Users\kulze\.m2\repository\org\springframework\boot\spring-boot-servlet\4.0.6\spring-boot-servlet-4.0.6.jar;C:\Users\kulze\.m2\repository\org\springframework\spring-webmvc\7.0.7\spring-webmvc-7.0.7.jar;C:\Users\kulze\.m2\repository\org\springframework\spring-expression\7.0.7\spring-expression-7.0.7.jar;C:\Users\kulze\.m2\repository\org\springframework\boot\spring-boot-starter-security\4.0.6\spring-boot-starter-security-4.0.6.jar;C:\Users\kulze\.m2\repository\org\springframework\boot\spring-boot-security\4.0.6\spring-boot-security-4.0.6.jar;C:\Users\kulze\.m2\repository\org\springframework\security\spring-security-config\7.0.5\spring-security-config-7.0.5.jar;C:\Users\kulze\.m2\repository\org\springframework\security\spring-security-core\7.0.5\spring-security-core-7.0.5.jar;C:\Users\kulze\.m2\repository\org\springframework\security\spring-security-web\7.0.5\spring-security-web-7.0.5.jar;C:\Users\kulze\.m2\repository\org\springframework\spring-aop\7.0.7\spring-aop-7.0.7.jar;C:\Users\kulze\.m2\repository\org\springframework\spring-beans\7.0.7\spring-beans-7.0.7.jar;C:\Users\kulze\.m2\repository\org\springframework\spring-core\7.0.7\spring-core-7.0.7.jar;C:\Users\kulze\.m2\repository\commons-logging\commons-logging\1.3.6\commons-logging-1.3.6.jar;C:\Users\kulze\.m2\repository\org\springframework\boot\spring-boot-starter-oauth2-resource-server\4.0.6\spring-boot-starter-oauth2-resource-server-4.0.6.jar;C:\Users\kulze\.m2\repository\org\springframework\boot\spring-boot-security-oauth2-resource-server\4.0.6\spring-boot-security-oauth2-resource-server-4.0.6.jar;C:\Users\kulze\.m2\repository\org\springframework\security\spring-security-oauth2-jose\7.0.5\spring-security-oauth2-jose-7.0.5.jar;C:\Users\kulze\.m2\repository\org\springframework\security\spring-security-oauth2-core\7.0.5\spring-security-oauth2-core-7.0.5.jar;C:\Users\kulze\.m2\repository\com\nimbusds\nimbus-jose-jwt\10.4\nimbus-jose-jwt-10.4.jar;C:\Users\kulze\.m2\repository\org\springframework\security\spring-security-oauth2-resource-server\7.0.5\spring-security-oauth2-resource-server-7.0.5.jar;C:\Users\kulze\.m2\repository\org\springframework\security\spring-security-crypto\7.0.5\spring-security-crypto-7.0.5.jar;C:\Users\kulze\.m2\repository\org\postgresql\postgresql\42.7.10\postgresql-42.7.10.jar;C:\Users\kulze\.m2\repository\org\checkerframework\checker-qual\3.52.0\checker-qual-3.52.0.jar;C:\Users\kulze\.m2\repository\org\projectlombok\lombok\1.18.46\lombok-1.18.46.jar;C:\Users\kulze\.m2\repository\org\springframework\boot\spring-boot-starter-actuator-test\4.0.6\spring-boot-starter-actuator-test-4.0.6.jar;C:\Users\kulze\.m2\repository\org\springframework\boot\spring-boot-starter-test\4.0.6\spring-boot-starter-test-4.0.6.jar;C:\Users\kulze\.m2\repository\org\springframework\boot\spring-boot-test\4.0.6\spring-boot-test-4.0.6.jar;C:\Users\kulze\.m2\repository\org\springframework\boot\spring-boot-test-autoconfigure\4.0.6\spring-boot-test-autoconfigure-4.0.6.jar;C:\Users\kulze\.m2\repository\com\jayway\jsonpath\json-path\2.10.0\json-path-2.10.0.jar;C:\Users\kulze\.m2\repository\jakarta\xml\bind\jakarta.xml.bind-api\4.0.4\jakarta.xml.bind-api-4.0.4.jar;C:\Users\kulze\.m2\repository\jakarta\activation\jakarta.activation-api\2.1.4\jakarta.activation-api-2.1.4.jar;C:\Users\kulze\.m2\repository\net\minidev\json-smart\2.6.0\json-smart-2.6.0.jar;C:\Users\kulze\.m2\repository\net\minidev\accessors-smart\2.6.0\accessors-smart-2.6.0.jar;C:\Users\kulze\.m2\repository\org\ow2\asm\asm\9.7.1\asm-9.7.1.jar;C:\Users\kulze\.m2\repository\org\assertj\assertj-core\3.27.7\assertj-core-3.27.7.jar;C:\Users\kulze\.m2\repository\net\bytebuddy\byte-buddy\1.17.8\byte-buddy-1.17.8.jar;C:\Users\kulze\.m2\repository\org\awaitility\awaitility\4.3.0\awaitility-4.3.0.jar;C:\Users\kulze\.m2\repository\org\hamcrest\hamcrest\3.0\hamcrest-3.0.jar;C:\Users\kulze\.m2\repository\org\junit\jupiter\junit-jupiter\6.0.3\junit-jupiter-6.0.3.jar;C:\Users\kulze\.m2\repository\org\junit\jupiter\junit-jupiter-api\6.0.3\junit-jupiter-api-6.0.3.jar;C:\Users\kulze\.m2\repository\org\opentest4j\opentest4j\1.3.0\opentest4j-1.3.0.jar;C:\Users\kulze\.m2\repository\org\junit\platform\junit-platform-commons\6.0.3\junit-platform-commons-6.0.3.jar;C:\Users\kulze\.m2\repository\org\apiguardian\apiguardian-api\1.1.2\apiguardian-api-1.1.2.jar;C:\Users\kulze\.m2\repository\org\junit\jupiter\junit-jupiter-params\6.0.3\junit-jupiter-params-6.0.3.jar;C:\Users\kulze\.m2\repository\org\junit\jupiter\junit-jupiter-engine\6.0.3\junit-jupiter-engine-6.0.3.jar;C:\Users\kulze\.m2\repository\org\junit\platform\junit-platform-engine\6.0.3\junit-platform-engine-6.0.3.jar;C:\Users\kulze\.m2\repository\org\mockito\mockito-core\5.20.0\mockito-core-5.20.0.jar;C:\Users\kulze\.m2\repository\net\bytebuddy\byte-buddy-agent\1.17.8\byte-buddy-agent-1.17.8.jar;C:\Users\kulze\.m2\repository\org\objenesis\objenesis\3.3\objenesis-3.3.jar;C:\Users\kulze\.m2\repository\org\mockito\mockito-junit-jupiter\5.20.0\mockito-junit-jupiter-5.20.0.jar;C:\Users\kulze\.m2\repository\org\skyscreamer\jsonassert\1.5.3\jsonassert-1.5.3.jar;C:\Users\kulze\.m2\repository\com\vaadin\external\google\android-json\0.0.20131108.vaadin1\android-json-0.0.20131108.vaadin1.jar;C:\Users\kulze\.m2\repository\org\springframework\spring-test\7.0.7\spring-test-7.0.7.jar;C:\Users\kulze\.m2\repository\org\xmlunit\xmlunit-core\2.10.4\xmlunit-core-2.10.4.jar;C:\Users\kulze\.m2\repository\org\springframework\boot\spring-boot-starter-micrometer-metrics-test\4.0.6\spring-boot-starter-micrometer-metrics-test-4.0.6.jar;C:\Users\kulze\.m2\repository\org\springframework\boot\spring-boot-micrometer-metrics-test\4.0.6\spring-boot-micrometer-metrics-test-4.0.6.jar;C:\Users\kulze\.m2\repository\io\micrometer\micrometer-observation-test\1.16.5\micrometer-observation-test-1.16.5.jar;C:\Users\kulze\.m2\repository\org\springframework\boot\spring-boot-starter-data-jpa-test\4.0.6\spring-boot-starter-data-jpa-test-4.0.6.jar;C:\Users\kulze\.m2\repository\org\springframework\boot\spring-boot-starter-jdbc-test\4.0.6\spring-boot-starter-jdbc-test-4.0.6.jar;C:\Users\kulze\.m2\repository\org\springframework\boot\spring-boot-jdbc-test\4.0.6\spring-boot-jdbc-test-4.0.6.jar;C:\Users\kulze\.m2\repository\org\springframework\boot\spring-boot-data-jpa-test\4.0.6\spring-boot-data-jpa-test-4.0.6.jar;C:\Users\kulze\.m2\repository\org\springframework\boot\spring-boot-jpa-test\4.0.6\spring-boot-jpa-test-4.0.6.jar;C:\Users\kulze\.m2\repository\org\springframework\boot\spring-boot-starter-validation-test\4.0.6\spring-boot-starter-validation-test-4.0.6.jar;C:\Users\kulze\.m2\repository\org\springframework\boot\spring-boot-starter-webmvc-test\4.0.6\spring-boot-starter-webmvc-test-4.0.6.jar;C:\Users\kulze\.m2\repository\org\springframework\boot\spring-boot-starter-jackson-test\4.0.6\spring-boot-starter-jackson-test-4.0.6.jar;C:\Users\kulze\.m2\repository\org\springframework\boot\spring-boot-webmvc-test\4.0.6\spring-boot-webmvc-test-4.0.6.jar;C:\Users\kulze\.m2\repository\org\springframework\boot\spring-boot-web-server\4.0.6\spring-boot-web-server-4.0.6.jar;C:\Users\kulze\.m2\repository\org\springframework\boot\spring-boot-resttestclient\4.0.6\spring-boot-resttestclient-4.0.6.jar
Launcher Type: SUN_STANDARD

[Global flags]
     intx CICompilerCount                          = 4                                         {product} {ergonomic}
     uint ConcGCThreads                            = 3                                         {product} {ergonomic}
     uint G1ConcRefinementThreads                  = 10                                        {product} {ergonomic}
   size_t G1HeapRegionSize                         = 1048576                                   {product} {ergonomic}
   size_t InitialHeapSize                          = 130023424                                 {product} {ergonomic}
   size_t MarkStackSize                            = 4194304                                   {product} {ergonomic}
   size_t MarkStackSizeMax                         = 536870912                                 {product} {ergonomic}
   size_t MaxHeapSize                              = 2069889024                                {product} {ergonomic}
   size_t MaxNewSize                               = 1241513984                                {product} {ergonomic}
   size_t MinHeapDeltaBytes                        = 1048576                                   {product} {ergonomic}
   size_t MinHeapSize                              = 8388608                                   {product} {ergonomic}
    uintx NonNMethodCodeHeapSize                   = 5832704                                {pd product} {ergonomic}
    uintx NonProfiledCodeHeapSize                  = 122945536                              {pd product} {ergonomic}
    uintx ProfiledCodeHeapSize                     = 122880000                              {pd product} {ergonomic}
    uintx ReservedCodeCacheSize                    = 251658240                              {pd product} {ergonomic}
     bool SegmentedCodeCache                       = true                                      {product} {ergonomic}
   size_t SoftMaxHeapSize                          = 2069889024                             {manageable} {ergonomic}
     bool UseCompressedOops                        = true                           {product lp64_product} {ergonomic}
     bool UseG1GC                                  = true                                      {product} {ergonomic}
     bool UseLargePagesIndividualAllocation        = false                                  {pd product} {ergonomic}

Logging:
Log output configuration:
 #0: stdout all=warning uptime,level,tags foldmultilines=false
 #1: stderr all=off uptime,level,tags foldmultilines=false

Release file:
IMPLEMENTOR="Oracle Corporation" 
JAVA_RUNTIME_VERSION="25.0.3+9-LTS-195" 
JAVA_VERSION="25.0.3" 
JAVA_VERSION_DATE="2026-04-21" 
LIBC="default" 
MODULES="java.base java.compiler java.datatransfer java.xml java.prefs java.desktop java.instrument java.logging java.management java.security.sasl java.naming java.rmi java.management.rmi java.net.http java.scripting java.security.jgss java.transaction.xa java.sql java.sql.rowset java.xml.crypto java.se java.smartcardio jdk.accessibility jdk.internal.jvmstat jdk.attach jdk.charsets jdk.internal.opt jdk.zipfs jdk.compiler jdk.crypto.cryptoki jdk.crypto.ec jdk.crypto.mscapi jdk.dynalink jdk.internal.ed jdk.editpad jdk.internal.vm.ci jdk.graal.compiler jdk.graal.compiler.management jdk.hotspot.agent jdk.httpserver jdk.incubator.vector jdk.internal.le jdk.internal.md jdk.jartool jdk.javadoc jdk.jcmd jdk.management jdk.management.agent jdk.jconsole jdk.jdeps jdk.jdwp.agent jdk.jdi jdk.jfr jdk.jlink jdk.jpackage jdk.jshell jdk.jsobject jdk.jstatd jdk.localedata jdk.management.jfr jdk.naming.dns jdk.naming.rmi jdk.net jdk.nio.mapmode jdk.sctp jdk.security.auth jdk.security.jgss jdk.unsupported jdk.unsupported.desktop jdk.xml.dom" 
OS_ARCH="x86_64" 
OS_NAME="Windows" 
SOURCE=".:git:bf167394bb46 open:git:e57ac4c1e765" 

Environment Variables:
PATH=C:\Program Files\Common Files\Oracle\Java\javapath;C:\Windows\system32;C:\Windows;C:\Windows\System32\Wbem;C:\Windows\System32\WindowsPowerShell\v1.0\;C:\Windows\System32\OpenSSH\;C:\Program Files (x86)\NVIDIA Corporation\PhysX\Common;C:\Program Files\NVIDIA Corporation\NVIDIA NvDLISR;C:\WINDOWS\system32;C:\WINDOWS;C:\WINDOWS\System32\Wbem;C:\WINDOWS\System32\WindowsPowerShell\v1.0\;C:\WINDOWS\System32\OpenSSH\;C:\Program Files\Git\cmd;C:\Program Files\Docker\Docker\resources\bin;C:\Users\kulze\AppData\Local\Microsoft\WindowsApps;C:\Users\kulze\AppData\Local\Programs\Microsoft VS Code\bin
USERNAME=kulze
OS=Windows_NT
PROCESSOR_IDENTIFIER=Intel64 Family 6 Model 186 Stepping 2, GenuineIntel
TMP=C:\Users\kulze\AppData\Local\Temp
TEMP=C:\Users\kulze\AppData\Local\Temp




Compilation memory statistics disabled.

Periodic native trim disabled

---------------  S Y S T E M  ---------------

OS:
 Windows 11 , 64 bit Build 26100 (10.0.26100.8328)
OS uptime: 0 days 23:23 hours
Hyper-V role detected

CPU: total 12 (initial active 12) (6 cores per cpu, 2 threads per core) family 6 model 186 stepping 2 microcode 0x5103, cx8, cmov, fxsr, ht, mmx, 3dnowpref, sse, sse2, sse3, ssse3, sse4.1, sse4.2, popcnt, lzcnt, tsc, tscinvbit, avx, avx2, aes, erms, clmul, bmi1, bmi2, adx, sha, fma, vzeroupper, clflush, clflushopt, clwb, hv, serialize, rdtscp, rdpid, fsrm, gfni, f16c, cet_ibt, cet_ss
Processor Information for the first 12 processors :
  Max Mhz: 2100, Current Mhz: 2100, Mhz Limit: 2100

Memory: 4k page, system-wide physical 7895M (428M free)
TotalPageFile size 32471M (AvailPageFile size 8M)
current process WorkingSet (physical memory assigned to process): 142M, peak: 142M
current process commit charge ("private bytes"): 256M, peak: 262M

vm_info: Java HotSpot(TM) 64-Bit Server VM (25.0.3+9-LTS-195) for windows-amd64 JRE (25.0.3+9-LTS-195), built on 2026-03-11T00:20:00Z with MS VC++ 17.13 (VS2022)

END.
